{"/home/mdwarishansari/Projects/BlueStock-Assignment/frontend/src/api/axiosInstance.js": {"path":"/home/mdwarishansari/Projects/BlueStock-Assignment/frontend/src/api/axiosInstance.js","statementMap":{"0":{"start":{"line":8,"column":22},"end":{"line":14,"column":2}},"1":{"start":{"line":20,"column":0},"end":{"line":44,"column":null}},"2":{"start":{"line":23,"column":18},"end":{"line":23,"column":49}},"3":{"start":{"line":25,"column":4},"end":{"line":27,"column":null}},"4":{"start":{"line":26,"column":6},"end":{"line":26,"column":null}},"5":{"start":{"line":30,"column":4},"end":{"line":36,"column":null}},"6":{"start":{"line":31,"column":6},"end":{"line":35,"column":null}},"7":{"start":{"line":38,"column":4},"end":{"line":38,"column":null}},"8":{"start":{"line":41,"column":4},"end":{"line":41,"column":null}},"9":{"start":{"line":42,"column":4},"end":{"line":42,"column":null}},"10":{"start":{"line":50,"column":0},"end":{"line":133,"column":null}},"11":{"start":{"line":53,"column":4},"end":{"line":59,"column":null}},"12":{"start":{"line":54,"column":6},"end":{"line":58,"column":null}},"13":{"start":{"line":61,"column":4},"end":{"line":61,"column":null}},"14":{"start":{"line":65,"column":4},"end":{"line":71,"column":null}},"15":{"start":{"line":66,"column":6},"end":{"line":70,"column":null}},"16":{"start":{"line":74,"column":4},"end":{"line":129,"column":null}},"17":{"start":{"line":75,"column":31},"end":{"line":75,"column":45}},"18":{"start":{"line":77,"column":6},"end":{"line":122,"column":null}},"19":{"start":{"line":80,"column":10},"end":{"line":80,"column":null}},"20":{"start":{"line":83,"column":10},"end":{"line":86,"column":null}},"21":{"start":{"line":84,"column":12},"end":{"line":84,"column":null}},"22":{"start":{"line":85,"column":12},"end":{"line":85,"column":null}},"23":{"start":{"line":87,"column":10},"end":{"line":87,"column":null}},"24":{"start":{"line":90,"column":10},"end":{"line":90,"column":null}},"25":{"start":{"line":91,"column":10},"end":{"line":91,"column":null}},"26":{"start":{"line":94,"column":10},"end":{"line":94,"column":null}},"27":{"start":{"line":95,"column":10},"end":{"line":95,"column":null}},"28":{"start":{"line":98,"column":10},"end":{"line":98,"column":null}},"29":{"start":{"line":99,"column":10},"end":{"line":99,"column":null}},"30":{"start":{"line":103,"column":10},"end":{"line":109,"column":null}},"31":{"start":{"line":104,"column":12},"end":{"line":106,"column":null}},"32":{"start":{"line":105,"column":14},"end":{"line":105,"column":null}},"33":{"start":{"line":108,"column":12},"end":{"line":108,"column":null}},"34":{"start":{"line":110,"column":10},"end":{"line":110,"column":null}},"35":{"start":{"line":113,"column":10},"end":{"line":113,"column":null}},"36":{"start":{"line":114,"column":10},"end":{"line":114,"column":null}},"37":{"start":{"line":117,"column":10},"end":{"line":117,"column":null}},"38":{"start":{"line":118,"column":10},"end":{"line":118,"column":null}},"39":{"start":{"line":121,"column":10},"end":{"line":121,"column":null}},"40":{"start":{"line":123,"column":11},"end":{"line":129,"column":null}},"41":{"start":{"line":125,"column":6},"end":{"line":125,"column":null}},"42":{"start":{"line":128,"column":6},"end":{"line":128,"column":null}},"43":{"start":{"line":131,"column":4},"end":{"line":131,"column":null}},"44":{"start":{"line":138,"column":28},"end":{"line":146,"column":1}},"45":{"start":{"line":139,"column":2},"end":{"line":145,"column":null}},"46":{"start":{"line":140,"column":4},"end":{"line":140,"column":null}},"47":{"start":{"line":141,"column":4},"end":{"line":141,"column":null}},"48":{"start":{"line":143,"column":4},"end":{"line":143,"column":null}},"49":{"start":{"line":144,"column":4},"end":{"line":144,"column":null}},"50":{"start":{"line":151,"column":28},"end":{"line":153,"column":1}},"51":{"start":{"line":152,"column":2},"end":{"line":152,"column":null}},"52":{"start":{"line":158,"column":30},"end":{"line":161,"column":1}},"53":{"start":{"line":159,"column":2},"end":{"line":159,"column":null}},"54":{"start":{"line":160,"column":2},"end":{"line":160,"column":null}}},"fnMap":{"0":{"name":"(anonymous_0)","decl":{"start":{"line":21,"column":2},"end":{"line":21,"column":3}},"loc":{"start":{"line":21,"column":14},"end":{"line":39,"column":3}},"line":21},"1":{"name":"(anonymous_1)","decl":{"start":{"line":40,"column":2},"end":{"line":40,"column":3}},"loc":{"start":{"line":40,"column":13},"end":{"line":43,"column":null}},"line":40},"2":{"name":"(anonymous_2)","decl":{"start":{"line":51,"column":2},"end":{"line":51,"column":3}},"loc":{"start":{"line":51,"column":16},"end":{"line":62,"column":3}},"line":51},"3":{"name":"(anonymous_3)","decl":{"start":{"line":63,"column":2},"end":{"line":63,"column":3}},"loc":{"start":{"line":63,"column":13},"end":{"line":132,"column":null}},"line":63},"4":{"name":"(anonymous_4)","decl":{"start":{"line":104,"column":32},"end":{"line":104,"column":33}},"loc":{"start":{"line":104,"column":41},"end":{"line":106,"column":13}},"line":104},"5":{"name":"(anonymous_5)","decl":{"start":{"line":138,"column":28},"end":{"line":138,"column":29}},"loc":{"start":{"line":138,"column":39},"end":{"line":146,"column":1}},"line":138},"6":{"name":"(anonymous_6)","decl":{"start":{"line":151,"column":28},"end":{"line":151,"column":29}},"loc":{"start":{"line":151,"column":34},"end":{"line":153,"column":1}},"line":151},"7":{"name":"(anonymous_7)","decl":{"start":{"line":158,"column":30},"end":{"line":158,"column":31}},"loc":{"start":{"line":158,"column":36},"end":{"line":161,"column":1}},"line":158}},"branchMap":{"0":{"loc":{"start":{"line":25,"column":4},"end":{"line":27,"column":null}},"type":"if","locations":[{"start":{"line":25,"column":4},"end":{"line":27,"column":null}},{"start":{},"end":{}}],"line":25},"1":{"loc":{"start":{"line":30,"column":4},"end":{"line":36,"column":null}},"type":"if","locations":[{"start":{"line":30,"column":4},"end":{"line":36,"column":null}},{"start":{},"end":{}}],"line":30},"2":{"loc":{"start":{"line":53,"column":4},"end":{"line":59,"column":null}},"type":"if","locations":[{"start":{"line":53,"column":4},"end":{"line":59,"column":null}},{"start":{},"end":{}}],"line":53},"3":{"loc":{"start":{"line":65,"column":4},"end":{"line":71,"column":null}},"type":"if","locations":[{"start":{"line":65,"column":4},"end":{"line":71,"column":null}},{"start":{},"end":{}}],"line":65},"4":{"loc":{"start":{"line":69,"column":17},"end":{"line":69,"column":63}},"type":"binary-expr","locations":[{"start":{"line":69,"column":17},"end":{"line":69,"column":46}},{"start":{"line":69,"column":50},"end":{"line":69,"column":63}}],"line":69},"5":{"loc":{"start":{"line":74,"column":4},"end":{"line":129,"column":null}},"type":"if","locations":[{"start":{"line":74,"column":4},"end":{"line":129,"column":null}},{"start":{"line":123,"column":11},"end":{"line":129,"column":null}}],"line":74},"6":{"loc":{"start":{"line":77,"column":6},"end":{"line":122,"column":null}},"type":"switch","locations":[{"start":{"line":78,"column":8},"end":{"line":87,"column":null}},{"start":{"line":89,"column":8},"end":{"line":91,"column":null}},{"start":{"line":93,"column":8},"end":{"line":95,"column":null}},{"start":{"line":97,"column":8},"end":{"line":99,"column":null}},{"start":{"line":101,"column":8},"end":{"line":110,"column":null}},{"start":{"line":112,"column":8},"end":{"line":114,"column":null}},{"start":{"line":116,"column":8},"end":{"line":118,"column":null}},{"start":{"line":120,"column":8},"end":{"line":121,"column":null}}],"line":77},"7":{"loc":{"start":{"line":83,"column":10},"end":{"line":86,"column":null}},"type":"if","locations":[{"start":{"line":83,"column":10},"end":{"line":86,"column":null}},{"start":{},"end":{}}],"line":83},"8":{"loc":{"start":{"line":90,"column":22},"end":{"line":90,"column":56}},"type":"binary-expr","locations":[{"start":{"line":90,"column":22},"end":{"line":90,"column":34}},{"start":{"line":90,"column":38},"end":{"line":90,"column":56}}],"line":90},"9":{"loc":{"start":{"line":94,"column":22},"end":{"line":94,"column":58}},"type":"binary-expr","locations":[{"start":{"line":94,"column":22},"end":{"line":94,"column":34}},{"start":{"line":94,"column":38},"end":{"line":94,"column":58}}],"line":94},"10":{"loc":{"start":{"line":98,"column":22},"end":{"line":98,"column":74}},"type":"binary-expr","locations":[{"start":{"line":98,"column":22},"end":{"line":98,"column":34}},{"start":{"line":98,"column":38},"end":{"line":98,"column":74}}],"line":98},"11":{"loc":{"start":{"line":103,"column":10},"end":{"line":109,"column":null}},"type":"if","locations":[{"start":{"line":103,"column":10},"end":{"line":109,"column":null}},{"start":{"line":107,"column":17},"end":{"line":109,"column":null}}],"line":103},"12":{"loc":{"start":{"line":103,"column":14},"end":{"line":103,"column":55}},"type":"binary-expr","locations":[{"start":{"line":103,"column":14},"end":{"line":103,"column":25}},{"start":{"line":103,"column":29},"end":{"line":103,"column":55}}],"line":103},"13":{"loc":{"start":{"line":105,"column":26},"end":{"line":105,"column":48}},"type":"binary-expr","locations":[{"start":{"line":105,"column":26},"end":{"line":105,"column":33}},{"start":{"line":105,"column":37},"end":{"line":105,"column":48}}],"line":105},"14":{"loc":{"start":{"line":108,"column":24},"end":{"line":108,"column":58}},"type":"binary-expr","locations":[{"start":{"line":108,"column":24},"end":{"line":108,"column":36}},{"start":{"line":108,"column":40},"end":{"line":108,"column":58}}],"line":108},"15":{"loc":{"start":{"line":121,"column":22},"end":{"line":121,"column":57}},"type":"binary-expr","locations":[{"start":{"line":121,"column":22},"end":{"line":121,"column":34}},{"start":{"line":121,"column":38},"end":{"line":121,"column":57}}],"line":121},"16":{"loc":{"start":{"line":123,"column":11},"end":{"line":129,"column":null}},"type":"if","locations":[{"start":{"line":123,"column":11},"end":{"line":129,"column":null}},{"start":{"line":126,"column":11},"end":{"line":129,"column":null}}],"line":123},"17":{"loc":{"start":{"line":128,"column":18},"end":{"line":128,"column":65}},"type":"binary-expr","locations":[{"start":{"line":128,"column":18},"end":{"line":128,"column":31}},{"start":{"line":128,"column":35},"end":{"line":128,"column":65}}],"line":128},"18":{"loc":{"start":{"line":139,"column":2},"end":{"line":145,"column":null}},"type":"if","locations":[{"start":{"line":139,"column":2},"end":{"line":145,"column":null}},{"start":{"line":142,"column":9},"end":{"line":145,"column":null}}],"line":139}},"s":{"0":1,"1":1,"2":0,"3":0,"4":0,"5":0,"6":0,"7":0,"8":0,"9":0,"10":1,"11":0,"12":0,"13":0,"14":0,"15":0,"16":0,"17":0,"18":0,"19":0,"20":0,"21":0,"22":0,"23":0,"24":0,"25":0,"26":0,"27":0,"28":0,"29":0,"30":0,"31":0,"32":0,"33":0,"34":0,"35":0,"36":0,"37":0,"38":0,"39":0,"40":0,"41":0,"42":0,"43":0,"44":1,"45":1,"46":1,"47":1,"48":0,"49":0,"50":1,"51":0,"52":1,"53":0,"54":0},"f":{"0":0,"1":0,"2":0,"3":0,"4":0,"5":1,"6":0,"7":0},"b":{"0":[0,0],"1":[0,0],"2":[0,0],"3":[0,0],"4":[0,0],"5":[0,0],"6":[0,0,0,0,0,0,0,0],"7":[0,0],"8":[0,0],"9":[0,0],"10":[0,0],"11":[0,0],"12":[0,0],"13":[0,0],"14":[0,0],"15":[0,0],"16":[0,0],"17":[0,0],"18":[1,0]},"meta":{"lastBranch":19,"lastFunction":8,"lastStatement":55,"seen":{"s:8:22:14:2":0,"s:20:0:44:Infinity":1,"f:21:2:21:3":0,"s:23:18:23:49":2,"b:25:4:27:Infinity:undefined:undefined:undefined:undefined":0,"s:25:4:27:Infinity":3,"s:26:6:26:Infinity":4,"b:30:4:36:Infinity:undefined:undefined:undefined:undefined":1,"s:30:4:36:Infinity":5,"s:31:6:35:Infinity":6,"s:38:4:38:Infinity":7,"f:40:2:40:3":1,"s:41:4:41:Infinity":8,"s:42:4:42:Infinity":9,"s:50:0:133:Infinity":10,"f:51:2:51:3":2,"b:53:4:59:Infinity:undefined:undefined:undefined:undefined":2,"s:53:4:59:Infinity":11,"s:54:6:58:Infinity":12,"s:61:4:61:Infinity":13,"f:63:2:63:3":3,"b:65:4:71:Infinity:undefined:undefined:undefined:undefined":3,"s:65:4:71:Infinity":14,"s:66:6:70:Infinity":15,"b:69:17:69:46:69:50:69:63":4,"b:74:4:129:Infinity:123:11:129:Infinity":5,"s:74:4:129:Infinity":16,"s:75:31:75:45":17,"b:78:8:87:Infinity:89:8:91:Infinity:93:8:95:Infinity:97:8:99:Infinity:101:8:110:Infinity:112:8:114:Infinity:116:8:118:Infinity:120:8:121:Infinity":6,"s:77:6:122:Infinity":18,"s:80:10:80:Infinity":19,"b:83:10:86:Infinity:undefined:undefined:undefined:undefined":7,"s:83:10:86:Infinity":20,"s:84:12:84:Infinity":21,"s:85:12:85:Infinity":22,"s:87:10:87:Infinity":23,"s:90:10:90:Infinity":24,"b:90:22:90:34:90:38:90:56":8,"s:91:10:91:Infinity":25,"s:94:10:94:Infinity":26,"b:94:22:94:34:94:38:94:58":9,"s:95:10:95:Infinity":27,"s:98:10:98:Infinity":28,"b:98:22:98:34:98:38:98:74":10,"s:99:10:99:Infinity":29,"b:103:10:109:Infinity:107:17:109:Infinity":11,"s:103:10:109:Infinity":30,"b:103:14:103:25:103:29:103:55":12,"s:104:12:106:Infinity":31,"f:104:32:104:33":4,"s:105:14:105:Infinity":32,"b:105:26:105:33:105:37:105:48":13,"s:108:12:108:Infinity":33,"b:108:24:108:36:108:40:108:58":14,"s:110:10:110:Infinity":34,"s:113:10:113:Infinity":35,"s:114:10:114:Infinity":36,"s:117:10:117:Infinity":37,"s:118:10:118:Infinity":38,"s:121:10:121:Infinity":39,"b:121:22:121:34:121:38:121:57":15,"b:123:11:129:Infinity:126:11:129:Infinity":16,"s:123:11:129:Infinity":40,"s:125:6:125:Infinity":41,"s:128:6:128:Infinity":42,"b:128:18:128:31:128:35:128:65":17,"s:131:4:131:Infinity":43,"s:138:28:146:1":44,"f:138:28:138:29":5,"b:139:2:145:Infinity:142:9:145:Infinity":18,"s:139:2:145:Infinity":45,"s:140:4:140:Infinity":46,"s:141:4:141:Infinity":47,"s:143:4:143:Infinity":48,"s:144:4:144:Infinity":49,"s:151:28:153:1":50,"f:151:28:151:29":6,"s:152:2:152:Infinity":51,"s:158:30:161:1":52,"f:158:30:158:31":7,"s:159:2:159:Infinity":53,"s:160:2:160:Infinity":54}}}
,"/home/mdwarishansari/Projects/BlueStock-Assignment/frontend/src/components/auth/LoginForm.jsx": {"path":"/home/mdwarishansari/Projects/BlueStock-Assignment/frontend/src/components/auth/LoginForm.jsx","statementMap":{"0":{"start":{"line":30,"column":18},"end":{"line":211,"column":null}},"1":{"start":{"line":31,"column":8},"end":{"line":31,"column":null}},"2":{"start":{"line":32,"column":25},"end":{"line":32,"column":null}},"3":{"start":{"line":33,"column":38},"end":{"line":33,"column":null}},"4":{"start":{"line":39,"column":2},"end":{"line":41,"column":null}},"5":{"start":{"line":43,"column":19},"end":{"line":53,"column":null}},"6":{"start":{"line":44,"column":4},"end":{"line":52,"column":null}},"7":{"start":{"line":45,"column":6},"end":{"line":48,"column":null}},"8":{"start":{"line":51,"column":6},"end":{"line":51,"column":null}},"9":{"start":{"line":55,"column":31},"end":{"line":57,"column":null}},"10":{"start":{"line":56,"column":4},"end":{"line":56,"column":null}},"11":{"start":{"line":59,"column":2},"end":{"line":209,"column":null}},"12":{"start":{"line":163,"column":6},"end":{"line":163,"column":null}},"13":{"start":{"line":164,"column":6},"end":{"line":164,"column":null}},"14":{"start":{"line":198,"column":29},"end":{"line":198,"column":null}}},"fnMap":{"0":{"name":"(anonymous_0)","decl":{"start":{"line":30,"column":18},"end":{"line":30,"column":24}},"loc":{"start":{"line":30,"column":24},"end":{"line":211,"column":null}},"line":30},"1":{"name":"(anonymous_1)","decl":{"start":{"line":43,"column":19},"end":{"line":43,"column":26}},"loc":{"start":{"line":43,"column":35},"end":{"line":53,"column":null}},"line":43},"2":{"name":"(anonymous_2)","decl":{"start":{"line":55,"column":31},"end":{"line":55,"column":37}},"loc":{"start":{"line":55,"column":37},"end":{"line":57,"column":null}},"line":55},"3":{"name":"(anonymous_3)","decl":{"start":{"line":162,"column":13},"end":{"line":162,"column":14}},"loc":{"start":{"line":162,"column":20},"end":{"line":165,"column":null}},"line":162},"4":{"name":"(anonymous_4)","decl":{"start":{"line":198,"column":23},"end":{"line":198,"column":29}},"loc":{"start":{"line":198,"column":29},"end":{"line":198,"column":null}},"line":198}},"branchMap":{"0":{"loc":{"start":{"line":120,"column":20},"end":{"line":120,"column":null}},"type":"cond-expr","locations":[{"start":{"line":120,"column":35},"end":{"line":120,"column":44}},{"start":{"line":120,"column":44},"end":{"line":120,"column":null}}],"line":120},"1":{"loc":{"start":{"line":140,"column":23},"end":{"line":140,"column":null}},"type":"cond-expr","locations":[{"start":{"line":140,"column":38},"end":{"line":140,"column":62}},{"start":{"line":140,"column":62},"end":{"line":140,"column":null}}],"line":140},"2":{"loc":{"start":{"line":180,"column":15},"end":{"line":180,"column":null}},"type":"cond-expr","locations":[{"start":{"line":180,"column":25},"end":{"line":180,"column":43}},{"start":{"line":180,"column":43},"end":{"line":180,"column":null}}],"line":180},"3":{"loc":{"start":{"line":208,"column":7},"end":{"line":208,"column":null}},"type":"binary-expr","locations":[{"start":{"line":208,"column":7},"end":{"line":208,"column":18}},{"start":{"line":208,"column":18},"end":{"line":208,"column":null}}],"line":208}},"s":{"0":1,"1":16,"2":16,"3":16,"4":16,"5":16,"6":1,"7":1,"8":0,"9":16,"10":1,"11":16,"12":0,"13":0,"14":0},"f":{"0":16,"1":1,"2":1,"3":0,"4":0},"b":{"0":[1,15],"1":[1,15],"2":[1,15],"3":[16,1]},"meta":{"lastBranch":4,"lastFunction":5,"lastStatement":15,"seen":{"s:30:18:211:Infinity":0,"f:30:18:30:24":0,"s:31:8:31:Infinity":1,"s:32:25:32:Infinity":2,"s:33:38:33:Infinity":3,"s:39:2:41:Infinity":4,"s:43:19:53:Infinity":5,"f:43:19:43:26":1,"s:44:4:52:Infinity":6,"s:45:6:48:Infinity":7,"s:51:6:51:Infinity":8,"s:55:31:57:Infinity":9,"f:55:31:55:37":2,"s:56:4:56:Infinity":10,"s:59:2:209:Infinity":11,"b:120:35:120:44:120:44:120:Infinity":0,"b:140:38:140:62:140:62:140:Infinity":1,"f:162:13:162:14":3,"s:163:6:163:Infinity":12,"s:164:6:164:Infinity":13,"b:180:25:180:43:180:43:180:Infinity":2,"f:198:23:198:29":4,"s:198:29:198:Infinity":14,"b:208:7:208:18:208:18:208:Infinity":3}}}
,"/home/mdwarishansari/Projects/BlueStock-Assignment/frontend/src/components/common/LoadingSpinner.jsx": {"path":"/home/mdwarishansari/Projects/BlueStock-Assignment/frontend/src/components/common/LoadingSpinner.jsx","statementMap":{"0":{"start":{"line":7,"column":23},"end":{"line":53,"column":null}},"1":{"start":{"line":8,"column":2},"end":{"line":33,"column":null}},"2":{"start":{"line":9,"column":4},"end":{"line":31,"column":null}},"3":{"start":{"line":35,"column":2},"end":{"line":51,"column":null}}},"fnMap":{"0":{"name":"(anonymous_0)","decl":{"start":{"line":7,"column":23},"end":{"line":7,"column":24}},"loc":{"start":{"line":7,"column":86},"end":{"line":53,"column":null}},"line":7}},"branchMap":{"0":{"loc":{"start":{"line":7,"column":26},"end":{"line":7,"column":50}},"type":"default-arg","locations":[{"start":{"line":7,"column":36},"end":{"line":7,"column":50}}],"line":7},"1":{"loc":{"start":{"line":7,"column":50},"end":{"line":7,"column":70}},"type":"default-arg","locations":[{"start":{"line":7,"column":63},"end":{"line":7,"column":70}}],"line":7},"2":{"loc":{"start":{"line":7,"column":70},"end":{"line":7,"column":80}},"type":"default-arg","locations":[{"start":{"line":7,"column":77},"end":{"line":7,"column":80}}],"line":7},"3":{"loc":{"start":{"line":8,"column":2},"end":{"line":33,"column":null}},"type":"if","locations":[{"start":{"line":8,"column":2},"end":{"line":33,"column":null}},{"start":{},"end":{}}],"line":8},"4":{"loc":{"start":{"line":26,"column":9},"end":{"line":29,"column":null}},"type":"binary-expr","locations":[{"start":{"line":26,"column":9},"end":{"line":26,"column":null}},{"start":{"line":27,"column":10},"end":{"line":29,"column":null}}],"line":26},"5":{"loc":{"start":{"line":46,"column":7},"end":{"line":49,"column":null}},"type":"binary-expr","locations":[{"start":{"line":46,"column":7},"end":{"line":46,"column":null}},{"start":{"line":47,"column":8},"end":{"line":49,"column":null}}],"line":46}},"s":{"0":2,"1":1,"2":1,"3":0},"f":{"0":1},"b":{"0":[1],"1":[1],"2":[1],"3":[1,0],"4":[1,1],"5":[0,0]},"meta":{"lastBranch":6,"lastFunction":1,"lastStatement":4,"seen":{"s:7:23:53:Infinity":0,"f:7:23:7:24":0,"b:7:36:7:50":0,"b:7:63:7:70":1,"b:7:77:7:80":2,"b:8:2:33:Infinity:undefined:undefined:undefined:undefined":3,"s:8:2:33:Infinity":1,"s:9:4:31:Infinity":2,"b:26:9:26:Infinity:27:10:29:Infinity":4,"s:35:2:51:Infinity":3,"b:46:7:46:Infinity:47:8:49:Infinity":5}}}
,"/home/mdwarishansari/Projects/BlueStock-Assignment/frontend/src/components/company/ImageUploader.jsx": {"path":"/home/mdwarishansari/Projects/BlueStock-Assignment/frontend/src/components/company/ImageUploader.jsx","statementMap":{"0":{"start":{"line":24,"column":22},"end":{"line":221,"column":null}},"1":{"start":{"line":32,"column":8},"end":{"line":32,"column":null}},"2":{"start":{"line":33,"column":28},"end":{"line":33,"column":null}},"3":{"start":{"line":35,"column":17},"end":{"line":35,"column":null}},"4":{"start":{"line":36,"column":22},"end":{"line":36,"column":null}},"5":{"start":{"line":37,"column":26},"end":{"line":37,"column":null}},"6":{"start":{"line":39,"column":27},"end":{"line":62,"column":null}},"7":{"start":{"line":40,"column":17},"end":{"line":40,"column":null}},"8":{"start":{"line":42,"column":4},"end":{"line":42,"column":null}},"9":{"start":{"line":42,"column":15},"end":{"line":42,"column":null}},"10":{"start":{"line":45,"column":10},"end":{"line":45,"column":null}},"11":{"start":{"line":46,"column":4},"end":{"line":49,"column":null}},"12":{"start":{"line":47,"column":6},"end":{"line":47,"column":null}},"13":{"start":{"line":47,"column":43},"end":{"line":47,"column":61}},"14":{"start":{"line":48,"column":6},"end":{"line":48,"column":null}},"15":{"start":{"line":52,"column":10},"end":{"line":52,"column":null}},"16":{"start":{"line":53,"column":4},"end":{"line":53,"column":null}},"17":{"start":{"line":56,"column":4},"end":{"line":56,"column":null}},"18":{"start":{"line":59,"column":4},"end":{"line":61,"column":null}},"19":{"start":{"line":60,"column":6},"end":{"line":60,"column":null}},"20":{"start":{"line":64,"column":28},"end":{"line":77,"column":null}},"21":{"start":{"line":66,"column":4},"end":{"line":68,"column":null}},"22":{"start":{"line":67,"column":6},"end":{"line":67,"column":null}},"23":{"start":{"line":70,"column":4},"end":{"line":70,"column":null}},"24":{"start":{"line":71,"column":4},"end":{"line":71,"column":null}},"25":{"start":{"line":74,"column":4},"end":{"line":76,"column":null}},"26":{"start":{"line":75,"column":6},"end":{"line":75,"column":null}},"27":{"start":{"line":79,"column":22},"end":{"line":81,"column":null}},"28":{"start":{"line":80,"column":4},"end":{"line":80,"column":null}},"29":{"start":{"line":83,"column":2},"end":{"line":219,"column":null}}},"fnMap":{"0":{"name":"(anonymous_0)","decl":{"start":{"line":24,"column":22},"end":{"line":24,"column":23}},"loc":{"start":{"line":31,"column":6},"end":{"line":221,"column":null}},"line":31},"1":{"name":"(anonymous_1)","decl":{"start":{"line":39,"column":27},"end":{"line":39,"column":28}},"loc":{"start":{"line":39,"column":38},"end":{"line":62,"column":null}},"line":39},"2":{"name":"(anonymous_2)","decl":{"start":{"line":47,"column":32},"end":{"line":47,"column":33}},"loc":{"start":{"line":47,"column":43},"end":{"line":47,"column":61}},"line":47},"3":{"name":"(anonymous_3)","decl":{"start":{"line":64,"column":28},"end":{"line":64,"column":34}},"loc":{"start":{"line":64,"column":34},"end":{"line":77,"column":null}},"line":64},"4":{"name":"(anonymous_4)","decl":{"start":{"line":79,"column":22},"end":{"line":79,"column":28}},"loc":{"start":{"line":79,"column":28},"end":{"line":81,"column":null}},"line":79}},"branchMap":{"0":{"loc":{"start":{"line":29,"column":2},"end":{"line":29,"column":null}},"type":"default-arg","locations":[{"start":{"line":29,"column":9},"end":{"line":29,"column":null}}],"line":29},"1":{"loc":{"start":{"line":30,"column":2},"end":{"line":30,"column":null}},"type":"default-arg","locations":[{"start":{"line":30,"column":13},"end":{"line":30,"column":null}}],"line":30},"2":{"loc":{"start":{"line":33,"column":41},"end":{"line":33,"column":61}},"type":"binary-expr","locations":[{"start":{"line":33,"column":41},"end":{"line":33,"column":57}},{"start":{"line":33,"column":57},"end":{"line":33,"column":61}}],"line":33},"3":{"loc":{"start":{"line":36,"column":22},"end":{"line":36,"column":null}},"type":"cond-expr","locations":[{"start":{"line":36,"column":31},"end":{"line":36,"column":39}},{"start":{"line":36,"column":39},"end":{"line":36,"column":null}}],"line":36},"4":{"loc":{"start":{"line":37,"column":26},"end":{"line":37,"column":null}},"type":"cond-expr","locations":[{"start":{"line":37,"column":35},"end":{"line":37,"column":49}},{"start":{"line":37,"column":49},"end":{"line":37,"column":null}}],"line":37},"5":{"loc":{"start":{"line":42,"column":4},"end":{"line":42,"column":null}},"type":"if","locations":[{"start":{"line":42,"column":4},"end":{"line":42,"column":null}},{"start":{},"end":{}}],"line":42},"6":{"loc":{"start":{"line":46,"column":4},"end":{"line":49,"column":null}},"type":"if","locations":[{"start":{"line":46,"column":4},"end":{"line":49,"column":null}},{"start":{},"end":{}}],"line":46},"7":{"loc":{"start":{"line":59,"column":4},"end":{"line":61,"column":null}},"type":"if","locations":[{"start":{"line":59,"column":4},"end":{"line":61,"column":null}},{"start":{},"end":{}}],"line":59},"8":{"loc":{"start":{"line":66,"column":4},"end":{"line":68,"column":null}},"type":"if","locations":[{"start":{"line":66,"column":4},"end":{"line":68,"column":null}},{"start":{},"end":{}}],"line":66},"9":{"loc":{"start":{"line":66,"column":8},"end":{"line":66,"column":48}},"type":"binary-expr","locations":[{"start":{"line":66,"column":8},"end":{"line":66,"column":19}},{"start":{"line":66,"column":19},"end":{"line":66,"column":48}}],"line":66},"10":{"loc":{"start":{"line":74,"column":4},"end":{"line":76,"column":null}},"type":"if","locations":[{"start":{"line":74,"column":4},"end":{"line":76,"column":null}},{"start":{},"end":{}}],"line":74},"11":{"loc":{"start":{"line":98,"column":23},"end":{"line":98,"column":null}},"type":"cond-expr","locations":[{"start":{"line":98,"column":32},"end":{"line":98,"column":38}},{"start":{"line":98,"column":38},"end":{"line":98,"column":null}}],"line":98},"12":{"loc":{"start":{"line":99,"column":20},"end":{"line":99,"column":null}},"type":"cond-expr","locations":[{"start":{"line":99,"column":29},"end":{"line":99,"column":35}},{"start":{"line":99,"column":35},"end":{"line":99,"column":null}}],"line":99},"13":{"loc":{"start":{"line":108,"column":9},"end":{"line":183,"column":null}},"type":"cond-expr","locations":[{"start":{"line":109,"column":10},"end":{"line":160,"column":null}},{"start":{"line":162,"column":10},"end":{"line":183,"column":null}}],"line":108},"14":{"loc":{"start":{"line":121,"column":13},"end":{"line":158,"column":null}},"type":"binary-expr","locations":[{"start":{"line":121,"column":13},"end":{"line":121,"column":null}},{"start":{"line":122,"column":14},"end":{"line":158,"column":null}}],"line":121},"15":{"loc":{"start":{"line":166,"column":22},"end":{"line":166,"column":null}},"type":"cond-expr","locations":[{"start":{"line":166,"column":33},"end":{"line":166,"column":49}},{"start":{"line":166,"column":49},"end":{"line":166,"column":null}}],"line":166},"16":{"loc":{"start":{"line":168,"column":21},"end":{"line":168,"column":null}},"type":"cond-expr","locations":[{"start":{"line":168,"column":32},"end":{"line":168,"column":44}},{"start":{"line":168,"column":44},"end":{"line":168,"column":null}}],"line":168},"17":{"loc":{"start":{"line":208,"column":7},"end":{"line":217,"column":null}},"type":"binary-expr","locations":[{"start":{"line":208,"column":7},"end":{"line":208,"column":19}},{"start":{"line":208,"column":19},"end":{"line":208,"column":null}},{"start":{"line":209,"column":8},"end":{"line":217,"column":null}}],"line":208}},"s":{"0":1,"1":7,"2":7,"3":7,"4":7,"5":7,"6":7,"7":1,"8":1,"9":0,"10":1,"11":1,"12":0,"13":0,"14":0,"15":1,"16":1,"17":1,"18":1,"19":1,"20":7,"21":1,"22":0,"23":1,"24":1,"25":1,"26":1,"27":7,"28":0,"29":7},"f":{"0":7,"1":1,"2":0,"3":1,"4":0},"b":{"0":[7],"1":[7],"2":[7,3],"3":[7,0],"4":[7,0],"5":[0,1],"6":[0,1],"7":[1,0],"8":[0,1],"9":[1,1],"10":[1,0],"11":[7,0],"12":[7,0],"13":[4,3],"14":[4,4],"15":[0,3],"16":[0,3],"17":[7,3,3]},"meta":{"lastBranch":18,"lastFunction":5,"lastStatement":30,"seen":{"s:24:22:221:Infinity":0,"f:24:22:24:23":0,"b:29:9:29:Infinity":0,"b:30:13:30:Infinity":1,"s:32:8:32:Infinity":1,"s:33:28:33:Infinity":2,"b:33:41:33:57:33:57:33:61":2,"s:35:17:35:Infinity":3,"s:36:22:36:Infinity":4,"b:36:31:36:39:36:39:36:Infinity":3,"s:37:26:37:Infinity":5,"b:37:35:37:49:37:49:37:Infinity":4,"s:39:27:62:Infinity":6,"f:39:27:39:28":1,"s:40:17:40:Infinity":7,"b:42:4:42:Infinity:undefined:undefined:undefined:undefined":5,"s:42:4:42:Infinity":8,"s:42:15:42:Infinity":9,"s:45:10:45:Infinity":10,"b:46:4:49:Infinity:undefined:undefined:undefined:undefined":6,"s:46:4:49:Infinity":11,"s:47:6:47:Infinity":12,"f:47:32:47:33":2,"s:47:43:47:61":13,"s:48:6:48:Infinity":14,"s:52:10:52:Infinity":15,"s:53:4:53:Infinity":16,"s:56:4:56:Infinity":17,"b:59:4:61:Infinity:undefined:undefined:undefined:undefined":7,"s:59:4:61:Infinity":18,"s:60:6:60:Infinity":19,"s:64:28:77:Infinity":20,"f:64:28:64:34":3,"b:66:4:68:Infinity:undefined:undefined:undefined:undefined":8,"s:66:4:68:Infinity":21,"b:66:8:66:19:66:19:66:48":9,"s:67:6:67:Infinity":22,"s:70:4:70:Infinity":23,"s:71:4:71:Infinity":24,"b:74:4:76:Infinity:undefined:undefined:undefined:undefined":10,"s:74:4:76:Infinity":25,"s:75:6:75:Infinity":26,"s:79:22:81:Infinity":27,"f:79:22:79:28":4,"s:80:4:80:Infinity":28,"s:83:2:219:Infinity":29,"b:98:32:98:38:98:38:98:Infinity":11,"b:99:29:99:35:99:35:99:Infinity":12,"b:109:10:160:Infinity:162:10:183:Infinity":13,"b:121:13:121:Infinity:122:14:158:Infinity":14,"b:166:33:166:49:166:49:166:Infinity":15,"b:168:32:168:44:168:44:168:Infinity":16,"b:208:7:208:19:208:19:208:Infinity:209:8:217:Infinity":17}}}
,"/home/mdwarishansari/Projects/BlueStock-Assignment/frontend/src/components/company/ProfileCard.jsx": {"path":"/home/mdwarishansari/Projects/BlueStock-Assignment/frontend/src/components/company/ProfileCard.jsx","statementMap":{"0":{"start":{"line":28,"column":20},"end":{"line":212,"column":null}},"1":{"start":{"line":29,"column":2},"end":{"line":45,"column":null}},"2":{"start":{"line":30,"column":4},"end":{"line":43,"column":null}},"3":{"start":{"line":47,"column":22},"end":{"line":52,"column":null}},"4":{"start":{"line":54,"column":22},"end":{"line":58,"column":null}},"5":{"start":{"line":60,"column":2},"end":{"line":210,"column":null}},"6":{"start":{"line":188,"column":16},"end":{"line":188,"column":null}},"7":{"start":{"line":188,"column":26},"end":{"line":188,"column":null}},"8":{"start":{"line":189,"column":16},"end":{"line":203,"column":null}}},"fnMap":{"0":{"name":"(anonymous_0)","decl":{"start":{"line":28,"column":20},"end":{"line":28,"column":21}},"loc":{"start":{"line":28,"column":62},"end":{"line":212,"column":null}},"line":28},"1":{"name":"(anonymous_1)","decl":{"start":{"line":187,"column":47},"end":{"line":187,"column":48}},"loc":{"start":{"line":187,"column":68},"end":{"line":205,"column":15}},"line":187}},"branchMap":{"0":{"loc":{"start":{"line":28,"column":40},"end":{"line":28,"column":56}},"type":"default-arg","locations":[{"start":{"line":28,"column":51},"end":{"line":28,"column":56}}],"line":28},"1":{"loc":{"start":{"line":29,"column":2},"end":{"line":45,"column":null}},"type":"if","locations":[{"start":{"line":29,"column":2},"end":{"line":45,"column":null}},{"start":{},"end":{}}],"line":29},"2":{"loc":{"start":{"line":54,"column":22},"end":{"line":58,"column":null}},"type":"cond-expr","locations":[{"start":{"line":55,"column":6},"end":{"line":57,"column":null}},{"start":{"line":58,"column":6},"end":{"line":58,"column":null}}],"line":54},"3":{"loc":{"start":{"line":55,"column":6},"end":{"line":57,"column":null}},"type":"cond-expr","locations":[{"start":{"line":56,"column":8},"end":{"line":56,"column":null}},{"start":{"line":57,"column":8},"end":{"line":57,"column":null}}],"line":55},"4":{"loc":{"start":{"line":63,"column":7},"end":{"line":77,"column":null}},"type":"cond-expr","locations":[{"start":{"line":64,"column":8},"end":{"line":70,"column":null}},{"start":{"line":72,"column":8},"end":{"line":77,"column":null}}],"line":63},"5":{"loc":{"start":{"line":81,"column":7},"end":{"line":95,"column":null}},"type":"binary-expr","locations":[{"start":{"line":81,"column":7},"end":{"line":81,"column":null}},{"start":{"line":82,"column":8},"end":{"line":95,"column":null}}],"line":81},"6":{"loc":{"start":{"line":131,"column":9},"end":{"line":134,"column":null}},"type":"binary-expr","locations":[{"start":{"line":131,"column":9},"end":{"line":131,"column":null}},{"start":{"line":132,"column":10},"end":{"line":134,"column":null}}],"line":131},"7":{"loc":{"start":{"line":155,"column":11},"end":{"line":168,"column":null}},"type":"binary-expr","locations":[{"start":{"line":155,"column":11},"end":{"line":155,"column":null}},{"start":{"line":156,"column":12},"end":{"line":168,"column":null}}],"line":155},"8":{"loc":{"start":{"line":172,"column":11},"end":{"line":178,"column":null}},"type":"binary-expr","locations":[{"start":{"line":172,"column":11},"end":{"line":172,"column":null}},{"start":{"line":173,"column":12},"end":{"line":178,"column":null}}],"line":172},"9":{"loc":{"start":{"line":183,"column":9},"end":{"line":207,"column":null}},"type":"binary-expr","locations":[{"start":{"line":183,"column":9},"end":{"line":183,"column":null}},{"start":{"line":184,"column":10},"end":{"line":207,"column":null}}],"line":183},"10":{"loc":{"start":{"line":188,"column":16},"end":{"line":188,"column":null}},"type":"if","locations":[{"start":{"line":188,"column":16},"end":{"line":188,"column":null}},{"start":{},"end":{}}],"line":188},"11":{"loc":{"start":{"line":202,"column":21},"end":{"line":202,"column":null}},"type":"binary-expr","locations":[{"start":{"line":202,"column":21},"end":{"line":202,"column":46}},{"start":{"line":202,"column":46},"end":{"line":202,"column":null}}],"line":202}},"s":{"0":1,"1":4,"2":0,"3":4,"4":4,"5":4,"6":8,"7":0,"8":8},"f":{"0":4,"1":8},"b":{"0":[4],"1":[0,4],"2":[4,0],"3":[0,4],"4":[4,0],"5":[4,4],"6":[4,4],"7":[4,4],"8":[4,4],"9":[4,4],"10":[0,8],"11":[8,0]},"meta":{"lastBranch":12,"lastFunction":2,"lastStatement":9,"seen":{"s:28:20:212:Infinity":0,"f:28:20:28:21":0,"b:28:51:28:56":0,"b:29:2:45:Infinity:undefined:undefined:undefined:undefined":1,"s:29:2:45:Infinity":1,"s:30:4:43:Infinity":2,"s:47:22:52:Infinity":3,"s:54:22:58:Infinity":4,"b:55:6:57:Infinity:58:6:58:Infinity":2,"b:56:8:56:Infinity:57:8:57:Infinity":3,"s:60:2:210:Infinity":5,"b:64:8:70:Infinity:72:8:77:Infinity":4,"b:81:7:81:Infinity:82:8:95:Infinity":5,"b:131:9:131:Infinity:132:10:134:Infinity":6,"b:155:11:155:Infinity:156:12:168:Infinity":7,"b:172:11:172:Infinity:173:12:178:Infinity":8,"b:183:9:183:Infinity:184:10:207:Infinity":9,"f:187:47:187:48":1,"b:188:16:188:Infinity:undefined:undefined:undefined:undefined":10,"s:188:16:188:Infinity":6,"s:188:26:188:Infinity":7,"s:189:16:203:Infinity":8,"b:202:21:202:46:202:46:202:Infinity":11}}}
,"/home/mdwarishansari/Projects/BlueStock-Assignment/frontend/src/config/cloudinary.js": {"path":"/home/mdwarishansari/Projects/BlueStock-Assignment/frontend/src/config/cloudinary.js","statementMap":{"0":{"start":{"line":7,"column":26},"end":{"line":10,"column":1}},"1":{"start":{"line":15,"column":37},"end":{"line":26,"column":1}},"2":{"start":{"line":16,"column":2},"end":{"line":16,"column":null}},"3":{"start":{"line":16,"column":17},"end":{"line":16,"column":null}},"4":{"start":{"line":18,"column":61},"end":{"line":18,"column":76}},"5":{"start":{"line":20,"column":21},"end":{"line":20,"column":35}},"6":{"start":{"line":21,"column":2},"end":{"line":21,"column":null}},"7":{"start":{"line":21,"column":13},"end":{"line":21,"column":null}},"8":{"start":{"line":22,"column":2},"end":{"line":22,"column":null}},"9":{"start":{"line":22,"column":14},"end":{"line":22,"column":null}},"10":{"start":{"line":23,"column":2},"end":{"line":23,"column":null}},"11":{"start":{"line":23,"column":12},"end":{"line":23,"column":null}},"12":{"start":{"line":25,"column":2},"end":{"line":25,"column":null}},"13":{"start":{"line":31,"column":38},"end":{"line":43,"column":1}},"14":{"start":{"line":32,"column":2},"end":{"line":32,"column":null}},"15":{"start":{"line":32,"column":17},"end":{"line":32,"column":null}},"16":{"start":{"line":35,"column":2},"end":{"line":40,"column":null}},"17":{"start":{"line":36,"column":18},"end":{"line":36,"column":44}},"18":{"start":{"line":37,"column":4},"end":{"line":39,"column":null}},"19":{"start":{"line":38,"column":6},"end":{"line":38,"column":null}},"20":{"start":{"line":42,"column":2},"end":{"line":42,"column":null}},"21":{"start":{"line":48,"column":33},"end":{"line":67,"column":1}},"22":{"start":{"line":49,"column":17},"end":{"line":49,"column":19}},"23":{"start":{"line":52,"column":23},"end":{"line":52,"column":77}},"24":{"start":{"line":53,"column":2},"end":{"line":55,"column":null}},"25":{"start":{"line":54,"column":4},"end":{"line":54,"column":null}},"26":{"start":{"line":58,"column":18},"end":{"line":58,"column":33}},"27":{"start":{"line":59,"column":2},"end":{"line":61,"column":null}},"28":{"start":{"line":60,"column":4},"end":{"line":60,"column":null}},"29":{"start":{"line":63,"column":2},"end":{"line":66,"column":null}},"30":{"start":{"line":72,"column":35},"end":{"line":76,"column":1}},"31":{"start":{"line":73,"column":19},"end":{"line":73,"column":33}},"32":{"start":{"line":74,"column":2},"end":{"line":74,"column":null}},"33":{"start":{"line":75,"column":2},"end":{"line":75,"column":null}},"34":{"start":{"line":81,"column":33},"end":{"line":84,"column":1}},"35":{"start":{"line":82,"column":2},"end":{"line":82,"column":null}},"36":{"start":{"line":82,"column":13},"end":{"line":82,"column":null}},"37":{"start":{"line":83,"column":2},"end":{"line":83,"column":null}},"38":{"start":{"line":89,"column":32},"end":{"line":93,"column":1}},"39":{"start":{"line":90,"column":2},"end":{"line":92,"column":null}},"40":{"start":{"line":91,"column":4},"end":{"line":91,"column":null}}},"fnMap":{"0":{"name":"(anonymous_0)","decl":{"start":{"line":15,"column":37},"end":{"line":15,"column":38}},"loc":{"start":{"line":15,"column":73},"end":{"line":26,"column":1}},"line":15},"1":{"name":"(anonymous_1)","decl":{"start":{"line":31,"column":38},"end":{"line":31,"column":39}},"loc":{"start":{"line":31,"column":64},"end":{"line":43,"column":1}},"line":31},"2":{"name":"(anonymous_2)","decl":{"start":{"line":48,"column":33},"end":{"line":48,"column":34}},"loc":{"start":{"line":48,"column":43},"end":{"line":67,"column":1}},"line":48},"3":{"name":"(anonymous_3)","decl":{"start":{"line":72,"column":35},"end":{"line":72,"column":36}},"loc":{"start":{"line":72,"column":66},"end":{"line":76,"column":1}},"line":72},"4":{"name":"(anonymous_4)","decl":{"start":{"line":81,"column":33},"end":{"line":81,"column":34}},"loc":{"start":{"line":81,"column":43},"end":{"line":84,"column":1}},"line":81},"5":{"name":"(anonymous_5)","decl":{"start":{"line":89,"column":32},"end":{"line":89,"column":33}},"loc":{"start":{"line":89,"column":41},"end":{"line":93,"column":1}},"line":89}},"branchMap":{"0":{"loc":{"start":{"line":15,"column":48},"end":{"line":15,"column":68}},"type":"default-arg","locations":[{"start":{"line":15,"column":66},"end":{"line":15,"column":68}}],"line":15},"1":{"loc":{"start":{"line":16,"column":2},"end":{"line":16,"column":null}},"type":"if","locations":[{"start":{"line":16,"column":2},"end":{"line":16,"column":null}},{"start":{},"end":{}}],"line":16},"2":{"loc":{"start":{"line":18,"column":25},"end":{"line":18,"column":38}},"type":"default-arg","locations":[{"start":{"line":18,"column":32},"end":{"line":18,"column":38}}],"line":18},"3":{"loc":{"start":{"line":18,"column":40},"end":{"line":18,"column":56}},"type":"default-arg","locations":[{"start":{"line":18,"column":50},"end":{"line":18,"column":56}}],"line":18},"4":{"loc":{"start":{"line":21,"column":2},"end":{"line":21,"column":null}},"type":"if","locations":[{"start":{"line":21,"column":2},"end":{"line":21,"column":null}},{"start":{},"end":{}}],"line":21},"5":{"loc":{"start":{"line":22,"column":2},"end":{"line":22,"column":null}},"type":"if","locations":[{"start":{"line":22,"column":2},"end":{"line":22,"column":null}},{"start":{},"end":{}}],"line":22},"6":{"loc":{"start":{"line":23,"column":2},"end":{"line":23,"column":null}},"type":"if","locations":[{"start":{"line":23,"column":2},"end":{"line":23,"column":null}},{"start":{},"end":{}}],"line":23},"7":{"loc":{"start":{"line":31,"column":49},"end":{"line":31,"column":59}},"type":"default-arg","locations":[{"start":{"line":31,"column":56},"end":{"line":31,"column":59}}],"line":31},"8":{"loc":{"start":{"line":32,"column":2},"end":{"line":32,"column":null}},"type":"if","locations":[{"start":{"line":32,"column":2},"end":{"line":32,"column":null}},{"start":{},"end":{}}],"line":32},"9":{"loc":{"start":{"line":35,"column":2},"end":{"line":40,"column":null}},"type":"if","locations":[{"start":{"line":35,"column":2},"end":{"line":40,"column":null}},{"start":{},"end":{}}],"line":35},"10":{"loc":{"start":{"line":37,"column":4},"end":{"line":39,"column":null}},"type":"if","locations":[{"start":{"line":37,"column":4},"end":{"line":39,"column":null}},{"start":{},"end":{}}],"line":37},"11":{"loc":{"start":{"line":53,"column":2},"end":{"line":55,"column":null}},"type":"if","locations":[{"start":{"line":53,"column":2},"end":{"line":55,"column":null}},{"start":{},"end":{}}],"line":53},"12":{"loc":{"start":{"line":59,"column":2},"end":{"line":61,"column":null}},"type":"if","locations":[{"start":{"line":59,"column":2},"end":{"line":61,"column":null}},{"start":{},"end":{}}],"line":59},"13":{"loc":{"start":{"line":72,"column":42},"end":{"line":72,"column":61}},"type":"default-arg","locations":[{"start":{"line":72,"column":54},"end":{"line":72,"column":61}}],"line":72},"14":{"loc":{"start":{"line":82,"column":2},"end":{"line":82,"column":null}},"type":"if","locations":[{"start":{"line":82,"column":2},"end":{"line":82,"column":null}},{"start":{},"end":{}}],"line":82},"15":{"loc":{"start":{"line":90,"column":2},"end":{"line":92,"column":null}},"type":"if","locations":[{"start":{"line":90,"column":2},"end":{"line":92,"column":null}},{"start":{},"end":{}}],"line":90}},"s":{"0":1,"1":1,"2":0,"3":0,"4":0,"5":0,"6":0,"7":0,"8":0,"9":0,"10":0,"11":0,"12":0,"13":1,"14":0,"15":0,"16":0,"17":0,"18":0,"19":0,"20":0,"21":1,"22":1,"23":1,"24":1,"25":0,"26":1,"27":1,"28":0,"29":1,"30":1,"31":0,"32":0,"33":0,"34":1,"35":1,"36":0,"37":1,"38":1,"39":0,"40":0},"f":{"0":0,"1":0,"2":1,"3":0,"4":1,"5":0},"b":{"0":[0],"1":[0,0],"2":[0],"3":[0],"4":[0,0],"5":[0,0],"6":[0,0],"7":[0],"8":[0,0],"9":[0,0],"10":[0,0],"11":[0,1],"12":[0,1],"13":[0],"14":[0,1],"15":[0,0]},"meta":{"lastBranch":16,"lastFunction":6,"lastStatement":41,"seen":{"s:7:26:10:1":0,"s:15:37:26:1":1,"f:15:37:15:38":0,"b:15:66:15:68":0,"b:16:2:16:Infinity:undefined:undefined:undefined:undefined":1,"s:16:2:16:Infinity":2,"s:16:17:16:Infinity":3,"s:18:61:18:76":4,"b:18:32:18:38":2,"b:18:50:18:56":3,"s:20:21:20:35":5,"b:21:2:21:Infinity:undefined:undefined:undefined:undefined":4,"s:21:2:21:Infinity":6,"s:21:13:21:Infinity":7,"b:22:2:22:Infinity:undefined:undefined:undefined:undefined":5,"s:22:2:22:Infinity":8,"s:22:14:22:Infinity":9,"b:23:2:23:Infinity:undefined:undefined:undefined:undefined":6,"s:23:2:23:Infinity":10,"s:23:12:23:Infinity":11,"s:25:2:25:Infinity":12,"s:31:38:43:1":13,"f:31:38:31:39":1,"b:31:56:31:59":7,"b:32:2:32:Infinity:undefined:undefined:undefined:undefined":8,"s:32:2:32:Infinity":14,"s:32:17:32:Infinity":15,"b:35:2:40:Infinity:undefined:undefined:undefined:undefined":9,"s:35:2:40:Infinity":16,"s:36:18:36:44":17,"b:37:4:39:Infinity:undefined:undefined:undefined:undefined":10,"s:37:4:39:Infinity":18,"s:38:6:38:Infinity":19,"s:42:2:42:Infinity":20,"s:48:33:67:1":21,"f:48:33:48:34":2,"s:49:17:49:19":22,"s:52:23:52:77":23,"b:53:2:55:Infinity:undefined:undefined:undefined:undefined":11,"s:53:2:55:Infinity":24,"s:54:4:54:Infinity":25,"s:58:18:58:33":26,"b:59:2:61:Infinity:undefined:undefined:undefined:undefined":12,"s:59:2:61:Infinity":27,"s:60:4:60:Infinity":28,"s:63:2:66:Infinity":29,"s:72:35:76:1":30,"f:72:35:72:36":3,"b:72:54:72:61":13,"s:73:19:73:33":31,"s:74:2:74:Infinity":32,"s:75:2:75:Infinity":33,"s:81:33:84:1":34,"f:81:33:81:34":4,"b:82:2:82:Infinity:undefined:undefined:undefined:undefined":14,"s:82:2:82:Infinity":35,"s:82:13:82:Infinity":36,"s:83:2:83:Infinity":37,"s:89:32:93:1":38,"f:89:32:89:33":5,"b:90:2:92:Infinity:undefined:undefined:undefined:undefined":15,"s:90:2:92:Infinity":39,"s:91:4:91:Infinity":40}}}
,"/home/mdwarishansari/Projects/BlueStock-Assignment/frontend/src/config/firebase.js": {"path":"/home/mdwarishansari/Projects/BlueStock-Assignment/frontend/src/config/firebase.js","statementMap":{"0":{"start":{"line":16,"column":23},"end":{"line":23,"column":1}},"1":{"start":{"line":29,"column":0},"end":{"line":35,"column":null}},"2":{"start":{"line":30,"column":2},"end":{"line":30,"column":null}},"3":{"start":{"line":31,"column":2},"end":{"line":31,"column":null}},"4":{"start":{"line":32,"column":2},"end":{"line":32,"column":null}},"5":{"start":{"line":34,"column":2},"end":{"line":34,"column":null}},"6":{"start":{"line":40,"column":31},"end":{"line":191,"column":1}},"7":{"start":{"line":42,"column":17},"end":{"line":42,"column":21}},"8":{"start":{"line":46,"column":4},"end":{"line":56,"column":null}},"9":{"start":{"line":47,"column":29},"end":{"line":51,"column":7}},"10":{"start":{"line":52,"column":6},"end":{"line":52,"column":null}},"11":{"start":{"line":54,"column":6},"end":{"line":54,"column":null}},"12":{"start":{"line":55,"column":6},"end":{"line":55,"column":null}},"13":{"start":{"line":61,"column":4},"end":{"line":71,"column":null}},"14":{"start":{"line":62,"column":29},"end":{"line":66,"column":7}},"15":{"start":{"line":67,"column":6},"end":{"line":67,"column":null}},"16":{"start":{"line":69,"column":6},"end":{"line":69,"column":null}},"17":{"start":{"line":70,"column":6},"end":{"line":70,"column":null}},"18":{"start":{"line":76,"column":4},"end":{"line":85,"column":null}},"19":{"start":{"line":77,"column":6},"end":{"line":80,"column":null}},"20":{"start":{"line":81,"column":6},"end":{"line":81,"column":null}},"21":{"start":{"line":83,"column":6},"end":{"line":83,"column":null}},"22":{"start":{"line":84,"column":6},"end":{"line":84,"column":null}},"23":{"start":{"line":90,"column":4},"end":{"line":96,"column":null}},"24":{"start":{"line":91,"column":6},"end":{"line":91,"column":null}},"25":{"start":{"line":92,"column":6},"end":{"line":92,"column":null}},"26":{"start":{"line":94,"column":6},"end":{"line":94,"column":null}},"27":{"start":{"line":95,"column":6},"end":{"line":95,"column":null}},"28":{"start":{"line":101,"column":4},"end":{"line":107,"column":null}},"29":{"start":{"line":102,"column":6},"end":{"line":102,"column":null}},"30":{"start":{"line":103,"column":6},"end":{"line":103,"column":null}},"31":{"start":{"line":105,"column":6},"end":{"line":105,"column":null}},"32":{"start":{"line":106,"column":6},"end":{"line":106,"column":null}},"33":{"start":{"line":112,"column":4},"end":{"line":129,"column":null}},"34":{"start":{"line":113,"column":6},"end":{"line":124,"column":null}},"35":{"start":{"line":114,"column":8},"end":{"line":123,"column":null}},"36":{"start":{"line":117,"column":12},"end":{"line":117,"column":null}},"37":{"start":{"line":120,"column":12},"end":{"line":120,"column":null}},"38":{"start":{"line":121,"column":12},"end":{"line":121,"column":null}},"39":{"start":{"line":125,"column":6},"end":{"line":125,"column":null}},"40":{"start":{"line":127,"column":6},"end":{"line":127,"column":null}},"41":{"start":{"line":128,"column":6},"end":{"line":128,"column":null}},"42":{"start":{"line":134,"column":4},"end":{"line":153,"column":null}},"43":{"start":{"line":135,"column":26},"end":{"line":135,"column":58}},"44":{"start":{"line":136,"column":33},"end":{"line":140,"column":7}},"45":{"start":{"line":141,"column":6},"end":{"line":141,"column":null}},"46":{"start":{"line":142,"column":6},"end":{"line":142,"column":null}},"47":{"start":{"line":144,"column":6},"end":{"line":144,"column":null}},"48":{"start":{"line":147,"column":6},"end":{"line":150,"column":null}},"49":{"start":{"line":148,"column":8},"end":{"line":148,"column":null}},"50":{"start":{"line":149,"column":8},"end":{"line":149,"column":null}},"51":{"start":{"line":152,"column":6},"end":{"line":152,"column":null}},"52":{"start":{"line":158,"column":4},"end":{"line":170,"column":null}},"53":{"start":{"line":159,"column":6},"end":{"line":163,"column":null}},"54":{"start":{"line":160,"column":8},"end":{"line":162,"column":null}},"55":{"start":{"line":165,"column":21},"end":{"line":165,"column":66}},"56":{"start":{"line":166,"column":6},"end":{"line":166,"column":null}},"57":{"start":{"line":168,"column":6},"end":{"line":168,"column":null}},"58":{"start":{"line":169,"column":6},"end":{"line":169,"column":null}},"59":{"start":{"line":175,"column":4},"end":{"line":175,"column":null}},"60":{"start":{"line":180,"column":4},"end":{"line":189,"column":null}},"61":{"start":{"line":181,"column":19},"end":{"line":181,"column":35}},"62":{"start":{"line":182,"column":6},"end":{"line":184,"column":null}},"63":{"start":{"line":183,"column":8},"end":{"line":183,"column":null}},"64":{"start":{"line":185,"column":6},"end":{"line":185,"column":null}},"65":{"start":{"line":187,"column":6},"end":{"line":187,"column":null}},"66":{"start":{"line":188,"column":6},"end":{"line":188,"column":null}}},"fnMap":{"0":{"name":"(anonymous_0)","decl":{"start":{"line":42,"column":11},"end":{"line":42,"column":12}},"loc":{"start":{"line":42,"column":17},"end":{"line":42,"column":21}},"line":42},"1":{"name":"(anonymous_1)","decl":{"start":{"line":45,"column":14},"end":{"line":45,"column":19}},"loc":{"start":{"line":45,"column":41},"end":{"line":57,"column":3}},"line":45},"2":{"name":"(anonymous_2)","decl":{"start":{"line":60,"column":10},"end":{"line":60,"column":15}},"loc":{"start":{"line":60,"column":37},"end":{"line":72,"column":3}},"line":60},"3":{"name":"(anonymous_3)","decl":{"start":{"line":75,"column":25},"end":{"line":75,"column":30}},"loc":{"start":{"line":75,"column":41},"end":{"line":86,"column":3}},"line":75},"4":{"name":"(anonymous_4)","decl":{"start":{"line":89,"column":26},"end":{"line":89,"column":31}},"loc":{"start":{"line":89,"column":43},"end":{"line":97,"column":3}},"line":89},"5":{"name":"(anonymous_5)","decl":{"start":{"line":100,"column":11},"end":{"line":100,"column":16}},"loc":{"start":{"line":100,"column":23},"end":{"line":108,"column":3}},"line":100},"6":{"name":"(anonymous_6)","decl":{"start":{"line":111,"column":18},"end":{"line":111,"column":19}},"loc":{"start":{"line":111,"column":57},"end":{"line":130,"column":3}},"line":111},"7":{"name":"(anonymous_7)","decl":{"start":{"line":116,"column":20},"end":{"line":116,"column":21}},"loc":{"start":{"line":116,"column":26},"end":{"line":118,"column":11}},"line":116},"8":{"name":"(anonymous_8)","decl":{"start":{"line":119,"column":30},"end":{"line":119,"column":31}},"loc":{"start":{"line":119,"column":36},"end":{"line":122,"column":11}},"line":119},"9":{"name":"(anonymous_9)","decl":{"start":{"line":133,"column":14},"end":{"line":133,"column":19}},"loc":{"start":{"line":133,"column":37},"end":{"line":154,"column":3}},"line":133},"10":{"name":"(anonymous_10)","decl":{"start":{"line":157,"column":16},"end":{"line":157,"column":21}},"loc":{"start":{"line":157,"column":32},"end":{"line":171,"column":3}},"line":157},"11":{"name":"(anonymous_11)","decl":{"start":{"line":174,"column":18},"end":{"line":174,"column":19}},"loc":{"start":{"line":174,"column":24},"end":{"line":176,"column":3}},"line":174},"12":{"name":"(anonymous_12)","decl":{"start":{"line":179,"column":14},"end":{"line":179,"column":19}},"loc":{"start":{"line":179,"column":26},"end":{"line":190,"column":3}},"line":179}},"branchMap":{"0":{"loc":{"start":{"line":111,"column":19},"end":{"line":111,"column":52}},"type":"default-arg","locations":[{"start":{"line":111,"column":31},"end":{"line":111,"column":52}}],"line":111},"1":{"loc":{"start":{"line":113,"column":6},"end":{"line":124,"column":null}},"type":"if","locations":[{"start":{"line":113,"column":6},"end":{"line":124,"column":null}},{"start":{},"end":{}}],"line":113},"2":{"loc":{"start":{"line":147,"column":6},"end":{"line":150,"column":null}},"type":"if","locations":[{"start":{"line":147,"column":6},"end":{"line":150,"column":null}},{"start":{},"end":{}}],"line":147},"3":{"loc":{"start":{"line":159,"column":6},"end":{"line":163,"column":null}},"type":"if","locations":[{"start":{"line":159,"column":6},"end":{"line":163,"column":null}},{"start":{},"end":{}}],"line":159},"4":{"loc":{"start":{"line":182,"column":6},"end":{"line":184,"column":null}},"type":"if","locations":[{"start":{"line":182,"column":6},"end":{"line":184,"column":null}},{"start":{},"end":{}}],"line":182}},"s":{"0":1,"1":1,"2":1,"3":1,"4":1,"5":0,"6":1,"7":0,"8":0,"9":0,"10":0,"11":0,"12":0,"13":0,"14":0,"15":0,"16":0,"17":0,"18":0,"19":0,"20":0,"21":0,"22":0,"23":0,"24":0,"25":0,"26":0,"27":0,"28":0,"29":0,"30":0,"31":0,"32":0,"33":0,"34":0,"35":0,"36":0,"37":0,"38":0,"39":0,"40":0,"41":0,"42":0,"43":0,"44":0,"45":0,"46":0,"47":0,"48":0,"49":0,"50":0,"51":0,"52":0,"53":0,"54":0,"55":0,"56":0,"57":0,"58":0,"59":0,"60":0,"61":0,"62":0,"63":0,"64":0,"65":0,"66":0},"f":{"0":0,"1":0,"2":0,"3":0,"4":0,"5":0,"6":0,"7":0,"8":0,"9":0,"10":0,"11":0,"12":0},"b":{"0":[0],"1":[0,0],"2":[0,0],"3":[0,0],"4":[0,0]},"meta":{"lastBranch":5,"lastFunction":13,"lastStatement":67,"seen":{"s:16:23:23:1":0,"s:29:0:35:Infinity":1,"s:30:2:30:Infinity":2,"s:31:2:31:Infinity":3,"s:32:2:32:Infinity":4,"s:34:2:34:Infinity":5,"s:40:31:191:1":6,"f:42:11:42:12":0,"s:42:17:42:21":7,"f:45:14:45:19":1,"s:46:4:56:Infinity":8,"s:47:29:51:7":9,"s:52:6:52:Infinity":10,"s:54:6:54:Infinity":11,"s:55:6:55:Infinity":12,"f:60:10:60:15":2,"s:61:4:71:Infinity":13,"s:62:29:66:7":14,"s:67:6:67:Infinity":15,"s:69:6:69:Infinity":16,"s:70:6:70:Infinity":17,"f:75:25:75:30":3,"s:76:4:85:Infinity":18,"s:77:6:80:Infinity":19,"s:81:6:81:Infinity":20,"s:83:6:83:Infinity":21,"s:84:6:84:Infinity":22,"f:89:26:89:31":4,"s:90:4:96:Infinity":23,"s:91:6:91:Infinity":24,"s:92:6:92:Infinity":25,"s:94:6:94:Infinity":26,"s:95:6:95:Infinity":27,"f:100:11:100:16":5,"s:101:4:107:Infinity":28,"s:102:6:102:Infinity":29,"s:103:6:103:Infinity":30,"s:105:6:105:Infinity":31,"s:106:6:106:Infinity":32,"f:111:18:111:19":6,"b:111:31:111:52":0,"s:112:4:129:Infinity":33,"b:113:6:124:Infinity:undefined:undefined:undefined:undefined":1,"s:113:6:124:Infinity":34,"s:114:8:123:Infinity":35,"f:116:20:116:21":7,"s:117:12:117:Infinity":36,"f:119:30:119:31":8,"s:120:12:120:Infinity":37,"s:121:12:121:Infinity":38,"s:125:6:125:Infinity":39,"s:127:6:127:Infinity":40,"s:128:6:128:Infinity":41,"f:133:14:133:19":9,"s:134:4:153:Infinity":42,"s:135:26:135:58":43,"s:136:33:140:7":44,"s:141:6:141:Infinity":45,"s:142:6:142:Infinity":46,"s:144:6:144:Infinity":47,"b:147:6:150:Infinity:undefined:undefined:undefined:undefined":2,"s:147:6:150:Infinity":48,"s:148:8:148:Infinity":49,"s:149:8:149:Infinity":50,"s:152:6:152:Infinity":51,"f:157:16:157:21":10,"s:158:4:170:Infinity":52,"b:159:6:163:Infinity:undefined:undefined:undefined:undefined":3,"s:159:6:163:Infinity":53,"s:160:8:162:Infinity":54,"s:165:21:165:66":55,"s:166:6:166:Infinity":56,"s:168:6:168:Infinity":57,"s:169:6:169:Infinity":58,"f:174:18:174:19":11,"s:175:4:175:Infinity":59,"f:179:14:179:19":12,"s:180:4:189:Infinity":60,"s:181:19:181:35":61,"b:182:6:184:Infinity:undefined:undefined:undefined:undefined":4,"s:182:6:184:Infinity":62,"s:183:8:183:Infinity":63,"s:185:6:185:Infinity":64,"s:187:6:187:Infinity":65,"s:188:6:188:Infinity":66}}}
,"/home/mdwarishansari/Projects/BlueStock-Assignment/frontend/src/hooks/useAuth.js": {"path":"/home/mdwarishansari/Projects/BlueStock-Assignment/frontend/src/hooks/useAuth.js","statementMap":{"0":{"start":{"line":24,"column":23},"end":{"line":227,"column":1}},"1":{"start":{"line":25,"column":18},"end":{"line":25,"column":32}},"2":{"start":{"line":26,"column":18},"end":{"line":26,"column":32}},"3":{"start":{"line":27,"column":14},"end":{"line":27,"column":38}},"4":{"start":{"line":28,"column":14},"end":{"line":28,"column":38}},"5":{"start":{"line":29,"column":25},"end":{"line":29,"column":60}},"6":{"start":{"line":34,"column":19},"end":{"line":55,"column":3}},"7":{"start":{"line":35,"column":4},"end":{"line":54,"column":null}},"8":{"start":{"line":36,"column":6},"end":{"line":36,"column":null}},"9":{"start":{"line":39,"column":23},"end":{"line":39,"column":55}},"10":{"start":{"line":41,"column":6},"end":{"line":45,"column":null}},"11":{"start":{"line":42,"column":8},"end":{"line":42,"column":null}},"12":{"start":{"line":43,"column":8},"end":{"line":43,"column":null}},"13":{"start":{"line":44,"column":8},"end":{"line":44,"column":null}},"14":{"start":{"line":48,"column":8},"end":{"line":48,"column":62}},"15":{"start":{"line":49,"column":6},"end":{"line":49,"column":null}},"16":{"start":{"line":50,"column":6},"end":{"line":50,"column":null}},"17":{"start":{"line":51,"column":6},"end":{"line":51,"column":null}},"18":{"start":{"line":53,"column":6},"end":{"line":53,"column":null}},"19":{"start":{"line":60,"column":16},"end":{"line":89,"column":3}},"20":{"start":{"line":61,"column":4},"end":{"line":88,"column":null}},"21":{"start":{"line":62,"column":6},"end":{"line":62,"column":null}},"22":{"start":{"line":65,"column":23},"end":{"line":65,"column":55}},"23":{"start":{"line":67,"column":6},"end":{"line":80,"column":null}},"24":{"start":{"line":68,"column":32},"end":{"line":68,"column":45}},"25":{"start":{"line":71,"column":7},"end":{"line":71,"column":null}},"26":{"start":{"line":74,"column":8},"end":{"line":74,"column":null}},"27":{"start":{"line":76,"column":8},"end":{"line":76,"column":null}},"28":{"start":{"line":77,"column":8},"end":{"line":77,"column":null}},"29":{"start":{"line":79,"column":8},"end":{"line":79,"column":null}},"30":{"start":{"line":82,"column":27},"end":{"line":82,"column":74}},"31":{"start":{"line":83,"column":6},"end":{"line":83,"column":null}},"32":{"start":{"line":84,"column":6},"end":{"line":84,"column":null}},"33":{"start":{"line":85,"column":6},"end":{"line":85,"column":null}},"34":{"start":{"line":87,"column":6},"end":{"line":87,"column":null}},"35":{"start":{"line":94,"column":17},"end":{"line":121,"column":3}},"36":{"start":{"line":95,"column":4},"end":{"line":120,"column":null}},"37":{"start":{"line":97,"column":6},"end":{"line":99,"column":null}},"38":{"start":{"line":102,"column":6},"end":{"line":104,"column":null}},"39":{"start":{"line":107,"column":5},"end":{"line":107,"column":null}},"40":{"start":{"line":110,"column":6},"end":{"line":110,"column":null}},"41":{"start":{"line":112,"column":6},"end":{"line":112,"column":null}},"42":{"start":{"line":113,"column":6},"end":{"line":113,"column":null}},"43":{"start":{"line":115,"column":6},"end":{"line":115,"column":null}},"44":{"start":{"line":117,"column":5},"end":{"line":117,"column":null}},"45":{"start":{"line":118,"column":6},"end":{"line":118,"column":null}},"46":{"start":{"line":119,"column":6},"end":{"line":119,"column":null}},"47":{"start":{"line":126,"column":23},"end":{"line":141,"column":3}},"48":{"start":{"line":127,"column":4},"end":{"line":140,"column":null}},"49":{"start":{"line":128,"column":6},"end":{"line":128,"column":null}},"50":{"start":{"line":129,"column":23},"end":{"line":129,"column":49}},"51":{"start":{"line":131,"column":6},"end":{"line":134,"column":null}},"52":{"start":{"line":132,"column":8},"end":{"line":132,"column":null}},"53":{"start":{"line":133,"column":8},"end":{"line":133,"column":null}},"54":{"start":{"line":136,"column":6},"end":{"line":136,"column":null}},"55":{"start":{"line":137,"column":6},"end":{"line":137,"column":null}},"56":{"start":{"line":139,"column":6},"end":{"line":139,"column":null}},"57":{"start":{"line":146,"column":24},"end":{"line":164,"column":3}},"58":{"start":{"line":147,"column":4},"end":{"line":163,"column":null}},"59":{"start":{"line":148,"column":6},"end":{"line":148,"column":null}},"60":{"start":{"line":149,"column":23},"end":{"line":149,"column":63}},"61":{"start":{"line":151,"column":6},"end":{"line":155,"column":null}},"62":{"start":{"line":152,"column":8},"end":{"line":152,"column":null}},"63":{"start":{"line":153,"column":8},"end":{"line":153,"column":null}},"64":{"start":{"line":154,"column":8},"end":{"line":154,"column":null}},"65":{"start":{"line":158,"column":8},"end":{"line":158,"column":64}},"66":{"start":{"line":159,"column":6},"end":{"line":159,"column":null}},"67":{"start":{"line":160,"column":6},"end":{"line":160,"column":null}},"68":{"start":{"line":162,"column":6},"end":{"line":162,"column":null}},"69":{"start":{"line":169,"column":23},"end":{"line":187,"column":3}},"70":{"start":{"line":170,"column":4},"end":{"line":186,"column":null}},"71":{"start":{"line":171,"column":6},"end":{"line":171,"column":null}},"72":{"start":{"line":172,"column":23},"end":{"line":172,"column":58}},"73":{"start":{"line":174,"column":6},"end":{"line":178,"column":null}},"74":{"start":{"line":175,"column":8},"end":{"line":175,"column":null}},"75":{"start":{"line":176,"column":8},"end":{"line":176,"column":null}},"76":{"start":{"line":177,"column":8},"end":{"line":177,"column":null}},"77":{"start":{"line":181,"column":8},"end":{"line":181,"column":66}},"78":{"start":{"line":182,"column":6},"end":{"line":182,"column":null}},"79":{"start":{"line":183,"column":6},"end":{"line":183,"column":null}},"80":{"start":{"line":185,"column":6},"end":{"line":185,"column":null}},"81":{"start":{"line":192,"column":20},"end":{"line":209,"column":3}},"82":{"start":{"line":193,"column":4},"end":{"line":208,"column":null}},"83":{"start":{"line":194,"column":6},"end":{"line":194,"column":null}},"84":{"start":{"line":195,"column":23},"end":{"line":195,"column":54}},"85":{"start":{"line":197,"column":6},"end":{"line":200,"column":null}},"86":{"start":{"line":198,"column":8},"end":{"line":198,"column":null}},"87":{"start":{"line":199,"column":8},"end":{"line":199,"column":null}},"88":{"start":{"line":203,"column":8},"end":{"line":203,"column":61}},"89":{"start":{"line":204,"column":6},"end":{"line":204,"column":null}},"90":{"start":{"line":205,"column":6},"end":{"line":205,"column":null}},"91":{"start":{"line":207,"column":6},"end":{"line":207,"column":null}},"92":{"start":{"line":211,"column":2},"end":{"line":226,"column":null}}},"fnMap":{"0":{"name":"(anonymous_0)","decl":{"start":{"line":24,"column":23},"end":{"line":24,"column":24}},"loc":{"start":{"line":24,"column":29},"end":{"line":227,"column":1}},"line":24},"1":{"name":"(anonymous_1)","decl":{"start":{"line":34,"column":19},"end":{"line":34,"column":24}},"loc":{"start":{"line":34,"column":39},"end":{"line":55,"column":3}},"line":34},"2":{"name":"(anonymous_2)","decl":{"start":{"line":60,"column":16},"end":{"line":60,"column":21}},"loc":{"start":{"line":60,"column":39},"end":{"line":89,"column":3}},"line":60},"3":{"name":"(anonymous_3)","decl":{"start":{"line":94,"column":17},"end":{"line":94,"column":22}},"loc":{"start":{"line":94,"column":29},"end":{"line":121,"column":3}},"line":94},"4":{"name":"(anonymous_4)","decl":{"start":{"line":97,"column":35},"end":{"line":97,"column":36}},"loc":{"start":{"line":97,"column":41},"end":{"line":99,"column":7}},"line":97},"5":{"name":"(anonymous_5)","decl":{"start":{"line":102,"column":44},"end":{"line":102,"column":45}},"loc":{"start":{"line":102,"column":50},"end":{"line":104,"column":7}},"line":102},"6":{"name":"(anonymous_6)","decl":{"start":{"line":126,"column":23},"end":{"line":126,"column":28}},"loc":{"start":{"line":126,"column":35},"end":{"line":141,"column":3}},"line":126},"7":{"name":"(anonymous_7)","decl":{"start":{"line":146,"column":24},"end":{"line":146,"column":29}},"loc":{"start":{"line":146,"column":47},"end":{"line":164,"column":3}},"line":146},"8":{"name":"(anonymous_8)","decl":{"start":{"line":169,"column":23},"end":{"line":169,"column":28}},"loc":{"start":{"line":169,"column":42},"end":{"line":187,"column":3}},"line":169},"9":{"name":"(anonymous_9)","decl":{"start":{"line":192,"column":20},"end":{"line":192,"column":25}},"loc":{"start":{"line":192,"column":38},"end":{"line":209,"column":3}},"line":192}},"branchMap":{"0":{"loc":{"start":{"line":41,"column":6},"end":{"line":45,"column":null}},"type":"if","locations":[{"start":{"line":41,"column":6},"end":{"line":45,"column":null}},{"start":{},"end":{}}],"line":41},"1":{"loc":{"start":{"line":43,"column":22},"end":{"line":43,"column":68}},"type":"binary-expr","locations":[{"start":{"line":43,"column":22},"end":{"line":43,"column":38}},{"start":{"line":43,"column":42},"end":{"line":43,"column":68}}],"line":43},"2":{"loc":{"start":{"line":48,"column":8},"end":{"line":48,"column":62}},"type":"binary-expr","locations":[{"start":{"line":48,"column":8},"end":{"line":48,"column":37}},{"start":{"line":48,"column":41},"end":{"line":48,"column":62}}],"line":48},"3":{"loc":{"start":{"line":67,"column":6},"end":{"line":80,"column":null}},"type":"if","locations":[{"start":{"line":67,"column":6},"end":{"line":80,"column":null}},{"start":{},"end":{}}],"line":67},"4":{"loc":{"start":{"line":82,"column":27},"end":{"line":82,"column":74}},"type":"binary-expr","locations":[{"start":{"line":82,"column":27},"end":{"line":82,"column":56}},{"start":{"line":82,"column":60},"end":{"line":82,"column":74}}],"line":82},"5":{"loc":{"start":{"line":131,"column":6},"end":{"line":134,"column":null}},"type":"if","locations":[{"start":{"line":131,"column":6},"end":{"line":134,"column":null}},{"start":{},"end":{}}],"line":131},"6":{"loc":{"start":{"line":151,"column":6},"end":{"line":155,"column":null}},"type":"if","locations":[{"start":{"line":151,"column":6},"end":{"line":155,"column":null}},{"start":{},"end":{}}],"line":151},"7":{"loc":{"start":{"line":158,"column":8},"end":{"line":158,"column":64}},"type":"binary-expr","locations":[{"start":{"line":158,"column":8},"end":{"line":158,"column":37}},{"start":{"line":158,"column":41},"end":{"line":158,"column":64}}],"line":158},"8":{"loc":{"start":{"line":174,"column":6},"end":{"line":178,"column":null}},"type":"if","locations":[{"start":{"line":174,"column":6},"end":{"line":178,"column":null}},{"start":{},"end":{}}],"line":174},"9":{"loc":{"start":{"line":181,"column":8},"end":{"line":181,"column":66}},"type":"binary-expr","locations":[{"start":{"line":181,"column":8},"end":{"line":181,"column":37}},{"start":{"line":181,"column":41},"end":{"line":181,"column":66}}],"line":181},"10":{"loc":{"start":{"line":197,"column":6},"end":{"line":200,"column":null}},"type":"if","locations":[{"start":{"line":197,"column":6},"end":{"line":200,"column":null}},{"start":{},"end":{}}],"line":197},"11":{"loc":{"start":{"line":203,"column":8},"end":{"line":203,"column":61}},"type":"binary-expr","locations":[{"start":{"line":203,"column":8},"end":{"line":203,"column":37}},{"start":{"line":203,"column":41},"end":{"line":203,"column":61}}],"line":203}},"s":{"0":1,"1":16,"2":16,"3":16,"4":16,"5":16,"6":16,"7":0,"8":0,"9":0,"10":0,"11":0,"12":0,"13":0,"14":0,"15":0,"16":0,"17":0,"18":0,"19":16,"20":1,"21":1,"22":1,"23":1,"24":1,"25":1,"26":1,"27":1,"28":1,"29":1,"30":0,"31":0,"32":0,"33":0,"34":1,"35":16,"36":0,"37":0,"38":0,"39":0,"40":0,"41":0,"42":0,"43":0,"44":0,"45":0,"46":0,"47":16,"48":0,"49":0,"50":0,"51":0,"52":0,"53":0,"54":0,"55":0,"56":0,"57":16,"58":0,"59":0,"60":0,"61":0,"62":0,"63":0,"64":0,"65":0,"66":0,"67":0,"68":0,"69":16,"70":0,"71":0,"72":0,"73":0,"74":0,"75":0,"76":0,"77":0,"78":0,"79":0,"80":0,"81":16,"82":0,"83":0,"84":0,"85":0,"86":0,"87":0,"88":0,"89":0,"90":0,"91":0,"92":16},"f":{"0":16,"1":0,"2":1,"3":0,"4":0,"5":0,"6":0,"7":0,"8":0,"9":0},"b":{"0":[0,0],"1":[0,0],"2":[0,0],"3":[1,0],"4":[0,0],"5":[0,0],"6":[0,0],"7":[0,0],"8":[0,0],"9":[0,0],"10":[0,0],"11":[0,0]},"meta":{"lastBranch":12,"lastFunction":10,"lastStatement":93,"seen":{"s:24:23:227:1":0,"f:24:23:24:24":0,"s:25:18:25:32":1,"s:26:18:26:32":2,"s:27:14:27:38":3,"s:28:14:28:38":4,"s:29:25:29:60":5,"s:34:19:55:3":6,"f:34:19:34:24":1,"s:35:4:54:Infinity":7,"s:36:6:36:Infinity":8,"s:39:23:39:55":9,"b:41:6:45:Infinity:undefined:undefined:undefined:undefined":0,"s:41:6:45:Infinity":10,"s:42:8:42:Infinity":11,"s:43:8:43:Infinity":12,"b:43:22:43:38:43:42:43:68":1,"s:44:8:44:Infinity":13,"s:48:8:48:62":14,"b:48:8:48:37:48:41:48:62":2,"s:49:6:49:Infinity":15,"s:50:6:50:Infinity":16,"s:51:6:51:Infinity":17,"s:53:6:53:Infinity":18,"s:60:16:89:3":19,"f:60:16:60:21":2,"s:61:4:88:Infinity":20,"s:62:6:62:Infinity":21,"s:65:23:65:55":22,"b:67:6:80:Infinity:undefined:undefined:undefined:undefined":3,"s:67:6:80:Infinity":23,"s:68:32:68:45":24,"s:71:7:71:Infinity":25,"s:74:8:74:Infinity":26,"s:76:8:76:Infinity":27,"s:77:8:77:Infinity":28,"s:79:8:79:Infinity":29,"s:82:27:82:74":30,"b:82:27:82:56:82:60:82:74":4,"s:83:6:83:Infinity":31,"s:84:6:84:Infinity":32,"s:85:6:85:Infinity":33,"s:87:6:87:Infinity":34,"s:94:17:121:3":35,"f:94:17:94:22":3,"s:95:4:120:Infinity":36,"s:97:6:99:Infinity":37,"f:97:35:97:36":4,"s:102:6:104:Infinity":38,"f:102:44:102:45":5,"s:107:5:107:Infinity":39,"s:110:6:110:Infinity":40,"s:112:6:112:Infinity":41,"s:113:6:113:Infinity":42,"s:115:6:115:Infinity":43,"s:117:5:117:Infinity":44,"s:118:6:118:Infinity":45,"s:119:6:119:Infinity":46,"s:126:23:141:3":47,"f:126:23:126:28":6,"s:127:4:140:Infinity":48,"s:128:6:128:Infinity":49,"s:129:23:129:49":50,"b:131:6:134:Infinity:undefined:undefined:undefined:undefined":5,"s:131:6:134:Infinity":51,"s:132:8:132:Infinity":52,"s:133:8:133:Infinity":53,"s:136:6:136:Infinity":54,"s:137:6:137:Infinity":55,"s:139:6:139:Infinity":56,"s:146:24:164:3":57,"f:146:24:146:29":7,"s:147:4:163:Infinity":58,"s:148:6:148:Infinity":59,"s:149:23:149:63":60,"b:151:6:155:Infinity:undefined:undefined:undefined:undefined":6,"s:151:6:155:Infinity":61,"s:152:8:152:Infinity":62,"s:153:8:153:Infinity":63,"s:154:8:154:Infinity":64,"s:158:8:158:64":65,"b:158:8:158:37:158:41:158:64":7,"s:159:6:159:Infinity":66,"s:160:6:160:Infinity":67,"s:162:6:162:Infinity":68,"s:169:23:187:3":69,"f:169:23:169:28":8,"s:170:4:186:Infinity":70,"s:171:6:171:Infinity":71,"s:172:23:172:58":72,"b:174:6:178:Infinity:undefined:undefined:undefined:undefined":8,"s:174:6:178:Infinity":73,"s:175:8:175:Infinity":74,"s:176:8:176:Infinity":75,"s:177:8:177:Infinity":76,"s:181:8:181:66":77,"b:181:8:181:37:181:41:181:66":9,"s:182:6:182:Infinity":78,"s:183:6:183:Infinity":79,"s:185:6:185:Infinity":80,"s:192:20:209:3":81,"f:192:20:192:25":9,"s:193:4:208:Infinity":82,"s:194:6:194:Infinity":83,"s:195:23:195:54":84,"b:197:6:200:Infinity:undefined:undefined:undefined:undefined":10,"s:197:6:200:Infinity":85,"s:198:8:198:Infinity":86,"s:199:8:199:Infinity":87,"s:203:8:203:61":88,"b:203:8:203:37:203:41:203:61":11,"s:204:6:204:Infinity":89,"s:205:6:205:Infinity":90,"s:207:6:207:Infinity":91,"s:211:2:226:Infinity":92}}}
,"/home/mdwarishansari/Projects/BlueStock-Assignment/frontend/src/pages/Dashboard.jsx": {"path":"/home/mdwarishansari/Projects/BlueStock-Assignment/frontend/src/pages/Dashboard.jsx","statementMap":{"0":{"start":{"line":29,"column":18},"end":{"line":283,"column":null}},"1":{"start":{"line":30,"column":8},"end":{"line":30,"column":null}},"2":{"start":{"line":31,"column":8},"end":{"line":31,"column":null}},"3":{"start":{"line":32,"column":8},"end":{"line":32,"column":null}},"4":{"start":{"line":33,"column":8},"end":{"line":33,"column":null}},"5":{"start":{"line":35,"column":2},"end":{"line":37,"column":null}},"6":{"start":{"line":36,"column":4},"end":{"line":36,"column":null}},"7":{"start":{"line":39,"column":29},"end":{"line":42,"column":null}},"8":{"start":{"line":44,"column":22},"end":{"line":44,"column":null}},"9":{"start":{"line":46,"column":2},"end":{"line":281,"column":null}},"10":{"start":{"line":86,"column":29},"end":{"line":86,"column":null}},"11":{"start":{"line":123,"column":33},"end":{"line":123,"column":null}},"12":{"start":{"line":193,"column":28},"end":{"line":193,"column":null}},"13":{"start":{"line":220,"column":35},"end":{"line":220,"column":null}},"14":{"start":{"line":260,"column":14},"end":{"line":276,"column":null}}},"fnMap":{"0":{"name":"(anonymous_0)","decl":{"start":{"line":29,"column":18},"end":{"line":29,"column":24}},"loc":{"start":{"line":29,"column":24},"end":{"line":283,"column":null}},"line":29},"1":{"name":"(anonymous_1)","decl":{"start":{"line":86,"column":23},"end":{"line":86,"column":29}},"loc":{"start":{"line":86,"column":29},"end":{"line":86,"column":null}},"line":86},"2":{"name":"(anonymous_2)","decl":{"start":{"line":123,"column":27},"end":{"line":123,"column":33}},"loc":{"start":{"line":123,"column":33},"end":{"line":123,"column":null}},"line":123},"3":{"name":"(anonymous_3)","decl":{"start":{"line":193,"column":22},"end":{"line":193,"column":28}},"loc":{"start":{"line":193,"column":28},"end":{"line":193,"column":null}},"line":193},"4":{"name":"(anonymous_4)","decl":{"start":{"line":220,"column":29},"end":{"line":220,"column":35}},"loc":{"start":{"line":220,"column":35},"end":{"line":220,"column":null}},"line":220},"5":{"name":"(anonymous_5)","decl":{"start":{"line":259,"column":18},"end":{"line":259,"column":19}},"loc":{"start":{"line":260,"column":14},"end":{"line":276,"column":null}},"line":260}},"branchMap":{"0":{"loc":{"start":{"line":35,"column":2},"end":{"line":37,"column":null}},"type":"if","locations":[{"start":{"line":35,"column":2},"end":{"line":37,"column":null}},{"start":{},"end":{}}],"line":35},"1":{"loc":{"start":{"line":44,"column":22},"end":{"line":44,"column":null}},"type":"binary-expr","locations":[{"start":{"line":44,"column":22},"end":{"line":44,"column":50}},{"start":{"line":44,"column":50},"end":{"line":44,"column":null}}],"line":44},"2":{"loc":{"start":{"line":59,"column":7},"end":{"line":91,"column":null}},"type":"binary-expr","locations":[{"start":{"line":59,"column":7},"end":{"line":59,"column":null}},{"start":{"line":60,"column":8},"end":{"line":91,"column":null}}],"line":59},"3":{"loc":{"start":{"line":76,"column":17},"end":{"line":76,"column":null}},"type":"binary-expr","locations":[{"start":{"line":76,"column":17},"end":{"line":76,"column":46}},{"start":{"line":76,"column":46},"end":{"line":76,"column":null}}],"line":76},"4":{"loc":{"start":{"line":77,"column":17},"end":{"line":77,"column":79}},"type":"binary-expr","locations":[{"start":{"line":77,"column":17},"end":{"line":77,"column":47}},{"start":{"line":77,"column":47},"end":{"line":77,"column":79}}],"line":77},"5":{"loc":{"start":{"line":151,"column":21},"end":{"line":152,"column":null}},"type":"binary-expr","locations":[{"start":{"line":151,"column":21},"end":{"line":151,"column":null}},{"start":{"line":152,"column":22},"end":{"line":152,"column":null}}],"line":151},"6":{"loc":{"start":{"line":162,"column":27},"end":{"line":162,"column":null}},"type":"cond-expr","locations":[{"start":{"line":162,"column":54},"end":{"line":162,"column":67}},{"start":{"line":162,"column":67},"end":{"line":162,"column":null}}],"line":162},"7":{"loc":{"start":{"line":164,"column":27},"end":{"line":164,"column":null}},"type":"cond-expr","locations":[{"start":{"line":164,"column":54},"end":{"line":164,"column":66}},{"start":{"line":164,"column":66},"end":{"line":164,"column":null}}],"line":164},"8":{"loc":{"start":{"line":166,"column":22},"end":{"line":169,"column":null}},"type":"cond-expr","locations":[{"start":{"line":167,"column":24},"end":{"line":167,"column":null}},{"start":{"line":169,"column":24},"end":{"line":169,"column":null}}],"line":166},"9":{"loc":{"start":{"line":190,"column":11},"end":{"line":227,"column":null}},"type":"cond-expr","locations":[{"start":{"line":191,"column":12},"end":{"line":195,"column":null}},{"start":{"line":197,"column":12},"end":{"line":227,"column":null}}],"line":190},"10":{"loc":{"start":{"line":237,"column":23},"end":{"line":237,"column":null}},"type":"cond-expr","locations":[{"start":{"line":237,"column":37},"end":{"line":237,"column":50}},{"start":{"line":237,"column":50},"end":{"line":237,"column":null}}],"line":237},"11":{"loc":{"start":{"line":243,"column":23},"end":{"line":243,"column":null}},"type":"cond-expr","locations":[{"start":{"line":243,"column":36},"end":{"line":243,"column":51}},{"start":{"line":243,"column":51},"end":{"line":243,"column":null}}],"line":243},"12":{"loc":{"start":{"line":249,"column":23},"end":{"line":249,"column":null}},"type":"cond-expr","locations":[{"start":{"line":249,"column":50},"end":{"line":249,"column":63}},{"start":{"line":249,"column":63},"end":{"line":249,"column":null}}],"line":249},"13":{"loc":{"start":{"line":251,"column":23},"end":{"line":251,"column":null}},"type":"cond-expr","locations":[{"start":{"line":251,"column":50},"end":{"line":251,"column":67}},{"start":{"line":251,"column":67},"end":{"line":251,"column":null}}],"line":251},"14":{"loc":{"start":{"line":255,"column":23},"end":{"line":255,"column":null}},"type":"cond-expr","locations":[{"start":{"line":255,"column":51},"end":{"line":255,"column":64}},{"start":{"line":255,"column":64},"end":{"line":255,"column":null}}],"line":255},"15":{"loc":{"start":{"line":257,"column":23},"end":{"line":257,"column":null}},"type":"cond-expr","locations":[{"start":{"line":257,"column":51},"end":{"line":257,"column":68}},{"start":{"line":257,"column":68},"end":{"line":257,"column":null}}],"line":257}},"s":{"0":1,"1":5,"2":5,"3":5,"4":5,"5":5,"6":0,"7":5,"8":5,"9":5,"10":0,"11":0,"12":0,"13":0,"14":20},"f":{"0":5,"1":0,"2":0,"3":0,"4":0,"5":20},"b":{"0":[0,5],"1":[5,4],"2":[5,1],"3":[1,1],"4":[1,1],"5":[5,4],"6":[4,1],"7":[4,1],"8":[4,1],"9":[4,1],"10":[4,1],"11":[4,1],"12":[4,1],"13":[4,1],"14":[4,1],"15":[4,1]},"meta":{"lastBranch":16,"lastFunction":6,"lastStatement":15,"seen":{"s:29:18:283:Infinity":0,"f:29:18:29:24":0,"s:30:8:30:Infinity":1,"s:31:8:31:Infinity":2,"s:32:8:32:Infinity":3,"s:33:8:33:Infinity":4,"b:35:2:37:Infinity:undefined:undefined:undefined:undefined":0,"s:35:2:37:Infinity":5,"s:36:4:36:Infinity":6,"s:39:29:42:Infinity":7,"s:44:22:44:Infinity":8,"b:44:22:44:50:44:50:44:Infinity":1,"s:46:2:281:Infinity":9,"b:59:7:59:Infinity:60:8:91:Infinity":2,"b:76:17:76:46:76:46:76:Infinity":3,"b:77:17:77:47:77:47:77:79":4,"f:86:23:86:29":1,"s:86:29:86:Infinity":10,"f:123:27:123:33":2,"s:123:33:123:Infinity":11,"b:151:21:151:Infinity:152:22:152:Infinity":5,"b:162:54:162:67:162:67:162:Infinity":6,"b:164:54:164:66:164:66:164:Infinity":7,"b:167:24:167:Infinity:169:24:169:Infinity":8,"b:191:12:195:Infinity:197:12:227:Infinity":9,"f:193:22:193:28":3,"s:193:28:193:Infinity":12,"f:220:29:220:35":4,"s:220:35:220:Infinity":13,"b:237:37:237:50:237:50:237:Infinity":10,"b:243:36:243:51:243:51:243:Infinity":11,"b:249:50:249:63:249:63:249:Infinity":12,"b:251:50:251:67:251:67:251:Infinity":13,"b:255:51:255:64:255:64:255:Infinity":14,"b:257:51:257:68:257:68:257:Infinity":15,"f:259:18:259:19":5,"s:260:14:276:Infinity":14}}}
[...]
ined:undefined:undefined:undefined":11,"s:61:2:61:Infinity":26,"s:61:13:61:Infinity":27,"b:62:2:62:Infinity:undefined:undefined:undefined:undefined":12,"s:62:2:62:Infinity":28,"s:62:32:62:Infinity":29,"s:63:2:63:Infinity":30,"s:69:31:72:1":31,"f:69:31:69:32":5,"b:70:2:70:Infinity:undefined:undefined:undefined:undefined":13,"s:70:2:70:Infinity":32,"s:70:13:70:Infinity":33,"s:71:2:71:Infinity":34,"s:77:30:85:1":35,"f:77:30:77:31":6,"b:78:2:78:Infinity:undefined:undefined:undefined:undefined":14,"s:78:2:78:Infinity":36,"s:78:19:78:Infinity":37,"s:80:12:80:16":38,"s:81:16:81:43":39,"s:82:12:82:53":40,"s:84:2:84:Infinity":41,"s:90:28:97:1":42,"f:90:28:90:29":7,"s:91:20:95:3":43,"s:96:2:96:Infinity":44,"b:96:9:96:26:96:30:96:36":15,"s:102:27:111:1":45,"f:102:27:102:28":8,"b:103:2:103:Infinity:undefined:undefined:undefined:undefined":16,"s:103:2:103:Infinity":46,"s:103:13:103:Infinity":47,"s:105:16:105:38":48,"b:106:2:108:Infinity:undefined:undefined:undefined:undefined":17,"s:106:2:108:Infinity":49,"s:107:4:107:Infinity":50,"s:110:2:110:Infinity":51,"s:116:25:124:1":52,"f:116:25:116:26":9,"b:117:2:117:Infinity:undefined:undefined:undefined:undefined":18,"s:117:2:117:Infinity":53,"s:117:12:117:Infinity":54,"b:119:2:121:Infinity:undefined:undefined:undefined:undefined":19,"s:119:2:121:Infinity":55,"b:119:6:119:32:119:36:119:63":20,"s:120:4:120:Infinity":56,"s:123:2:123:Infinity":57,"s:129:29:135:1":58,"f:129:29:129:30":10,"b:129:57:129:61":21,"s:130:2:134:Infinity":59,"s:131:4:131:Infinity":60,"s:133:4:133:Infinity":61,"s:140:30:158:1":62,"f:140:30:140:31":11,"b:141:2:143:Infinity:undefined:undefined:undefined:undefined":22,"s:141:2:143:Infinity":63,"s:142:4:142:Infinity":64,"b:145:2:151:Infinity:undefined:undefined:undefined:undefined":23,"s:145:2:151:Infinity":65,"s:146:19:146:45":66,"b:147:4:149:Infinity:undefined:undefined:undefined:undefined":24,"s:147:4:149:Infinity":67,"s:148:6:148:Infinity":68,"f:148:24:148:25":12,"s:148:33:148:40":69,"s:150:4:150:Infinity":70,"b:153:2:155:Infinity:undefined:undefined:undefined:undefined":25,"s:153:2:155:Infinity":71,"s:154:4:154:Infinity":72,"s:157:2:157:Infinity":73,"s:163:26:165:1":74,"f:163:26:163:27":13,"s:164:2:164:Infinity":75}}}
,"/home/mdwarishansari/Projects/BlueStock-Assignment/frontend/src/utils/validators.js": {"path":"/home/mdwarishansari/Projects/BlueStock-Assignment/frontend/src/utils/validators.js","statementMap":{"0":{"start":{"line":7,"column":29},"end":{"line":16,"column":1}},"1":{"start":{"line":8,"column":2},"end":{"line":8,"column":null}},"2":{"start":{"line":8,"column":14},"end":{"line":8,"column":null}},"3":{"start":{"line":10,"column":21},"end":{"line":10,"column":49}},"4":{"start":{"line":11,"column":2},"end":{"line":13,"column":null}},"5":{"start":{"line":12,"column":4},"end":{"line":12,"column":null}},"6":{"start":{"line":15,"column":2},"end":{"line":15,"column":null}},"7":{"start":{"line":21,"column":32},"end":{"line":36,"column":1}},"8":{"start":{"line":22,"column":2},"end":{"line":22,"column":null}},"9":{"start":{"line":22,"column":17},"end":{"line":22,"column":null}},"10":{"start":{"line":24,"column":2},"end":{"line":26,"column":null}},"11":{"start":{"line":25,"column":4},"end":{"line":25,"column":null}},"12":{"start":{"line":30,"column":4},"end":{"line":30,"column":71}},"13":{"start":{"line":31,"column":2},"end":{"line":33,"column":null}},"14":{"start":{"line":32,"column":4},"end":{"line":32,"column":null}},"15":{"start":{"line":35,"column":2},"end":{"line":35,"column":null}},"16":{"start":{"line":41,"column":30},"end":{"line":59,"column":1}},"17":{"start":{"line":42,"column":2},"end":{"line":42,"column":null}},"18":{"start":{"line":42,"column":15},"end":{"line":42,"column":null}},"19":{"start":{"line":44,"column":2},"end":{"line":58,"column":null}},"20":{"start":{"line":46,"column":26},"end":{"line":46,"column":54}},"21":{"start":{"line":49,"column":23},"end":{"line":49,"column":55}},"22":{"start":{"line":51,"column":4},"end":{"line":53,"column":null}},"23":{"start":{"line":52,"column":6},"end":{"line":52,"column":null}},"24":{"start":{"line":55,"column":4},"end":{"line":55,"column":null}},"25":{"start":{"line":57,"column":4},"end":{"line":57,"column":null}},"26":{"start":{"line":64,"column":31},"end":{"line":77,"column":1}},"27":{"start":{"line":65,"column":2},"end":{"line":65,"column":24}},"28":{"start":{"line":65,"column":12},"end":{"line":65,"column":24}},"29":{"start":{"line":67,"column":2},"end":{"line":76,"column":null}},"30":{"start":{"line":69,"column":6},"end":{"line":69,"column":70}},"31":{"start":{"line":70,"column":4},"end":{"line":72,"column":null}},"32":{"start":{"line":71,"column":6},"end":{"line":71,"column":null}},"33":{"start":{"line":73,"column":4},"end":{"line":73,"column":null}},"34":{"start":{"line":75,"column":4},"end":{"line":75,"column":null}},"35":{"start":{"line":82,"column":34},"end":{"line":92,"column":1}},"36":{"start":{"line":83,"column":2},"end":{"line":83,"column":null}},"37":{"start":{"line":83,"column":19},"end":{"line":83,"column":null}},"38":{"start":{"line":86,"column":22},"end":{"line":86,"column":43}},"39":{"start":{"line":87,"column":2},"end":{"line":89,"column":null}},"40":{"start":{"line":88,"column":4},"end":{"line":88,"column":null}},"41":{"start":{"line":91,"column":2},"end":{"line":91,"column":null}},"42":{"start":{"line":97,"column":32},"end":{"line":105,"column":1}},"43":{"start":{"line":98,"column":2},"end":{"line":98,"column":null}},"44":{"start":{"line":98,"column":13},"end":{"line":98,"column":null}},"45":{"start":{"line":100,"column":2},"end":{"line":102,"column":null}},"46":{"start":{"line":101,"column":4},"end":{"line":101,"column":null}},"47":{"start":{"line":104,"column":2},"end":{"line":104,"column":null}},"48":{"start":{"line":110,"column":33},"end":{"line":119,"column":1}},"49":{"start":{"line":111,"column":2},"end":{"line":111,"column":null}},"50":{"start":{"line":111,"column":13},"end":{"line":111,"column":null}},"51":{"start":{"line":113,"column":23},"end":{"line":113,"column":77}},"52":{"start":{"line":114,"column":2},"end":{"line":116,"column":null}},"53":{"start":{"line":115,"column":4},"end":{"line":115,"column":null}},"54":{"start":{"line":118,"column":2},"end":{"line":118,"column":null}},"55":{"start":{"line":124,"column":32},"end":{"line":129,"column":1}},"56":{"start":{"line":125,"column":2},"end":{"line":127,"column":null}},"57":{"start":{"line":126,"column":4},"end":{"line":126,"column":null}},"58":{"start":{"line":128,"column":2},"end":{"line":128,"column":null}},"59":{"start":{"line":134,"column":32},"end":{"line":145,"column":1}},"60":{"start":{"line":135,"column":2},"end":{"line":135,"column":25}},"61":{"start":{"line":135,"column":13},"end":{"line":135,"column":25}},"62":{"start":{"line":137,"column":23},"end":{"line":137,"column":37}},"63":{"start":{"line":138,"column":16},"end":{"line":138,"column":26}},"64":{"start":{"line":140,"column":2},"end":{"line":142,"column":null}},"65":{"start":{"line":141,"column":4},"end":{"line":141,"column":null}},"66":{"start":{"line":144,"column":2},"end":{"line":144,"column":null}},"67":{"start":{"line":150,"column":27},"end":{"line":159,"column":1}},"68":{"start":{"line":151,"column":2},"end":{"line":151,"column":null}},"69":{"start":{"line":151,"column":12},"end":{"line":151,"column":null}},"70":{"start":{"line":153,"column":19},"end":{"line":153,"column":28}},"71":{"start":{"line":154,"column":2},"end":{"line":156,"column":null}},"72":{"start":{"line":155,"column":4},"end":{"line":155,"column":null}},"73":{"start":{"line":158,"column":2},"end":{"line":158,"column":null}},"74":{"start":{"line":164,"column":39},"end":{"line":172,"column":1}},"75":{"start":{"line":165,"column":2},"end":{"line":165,"column":null}},"76":{"start":{"line":165,"column":24},"end":{"line":165,"column":null}},"77":{"start":{"line":167,"column":2},"end":{"line":169,"column":null}},"78":{"start":{"line":168,"column":4},"end":{"line":168,"column":null}},"79":{"start":{"line":171,"column":2},"end":{"line":171,"column":null}}},"fnMap":{"0":{"name":"(anonymous_0)","decl":{"start":{"line":7,"column":29},"end":{"line":7,"column":30}},"loc":{"start":{"line":7,"column":40},"end":{"line":16,"column":1}},"line":7},"1":{"name":"(anonymous_1)","decl":{"start":{"line":21,"column":32},"end":{"line":21,"column":33}},"loc":{"start":{"line":21,"column":46},"end":{"line":36,"column":1}},"line":21},"2":{"name":"(anonymous_2)","decl":{"start":{"line":41,"column":30},"end":{"line":41,"column":31}},"loc":{"start":{"line":41,"column":42},"end":{"line":59,"column":1}},"line":41},"3":{"name":"(anonymous_3)","decl":{"start":{"line":64,"column":31},"end":{"line":64,"column":32}},"loc":{"start":{"line":64,"column":40},"end":{"line":77,"column":1}},"line":64},"4":{"name":"(anonymous_4)","decl":{"start":{"line":82,"column":34},"end":{"line":82,"column":35}},"loc":{"start":{"line":82,"column":50},"end":{"line":92,"column":1}},"line":82},"5":{"name":"(anonymous_5)","decl":{"start":{"line":97,"column":32},"end":{"line":97,"column":33}},"loc":{"start":{"line":97,"column":69},"end":{"line":105,"column":1}},"line":97},"6":{"name":"(anonymous_6)","decl":{"start":{"line":110,"column":33},"end":{"line":110,"column":34}},"loc":{"start":{"line":110,"column":43},"end":{"line":119,"column":1}},"line":110},"7":{"name":"(anonymous_7)","decl":{"start":{"line":124,"column":32},"end":{"line":124,"column":33}},"loc":{"start":{"line":124,"column":69},"end":{"line":129,"column":1}},"line":124},"8":{"name":"(anonymous_8)","decl":{"start":{"line":134,"column":32},"end":{"line":134,"column":33}},"loc":{"start":{"line":134,"column":42},"end":{"line":145,"column":1}},"line":134},"9":{"name":"(anonymous_9)","decl":{"start":{"line":150,"column":27},"end":{"line":150,"column":28}},"loc":{"start":{"line":150,"column":36},"end":{"line":159,"column":1}},"line":150},"10":{"name":"(anonymous_10)","decl":{"start":{"line":164,"column":39},"end":{"line":164,"column":40}},"loc":{"start":{"line":164,"column":70},"end":{"line":172,"column":1}},"line":164}},"branchMap":{"0":{"loc":{"start":{"line":8,"column":2},"end":{"line":8,"column":null}},"type":"if","locations":[{"start":{"line":8,"column":2},"end":{"line":8,"column":null}},{"start":{},"end":{}}],"line":8},"1":{"loc":{"start":{"line":11,"column":2},"end":{"line":13,"column":null}},"type":"if","locations":[{"start":{"line":11,"column":2},"end":{"line":13,"column":null}},{"start":{},"end":{}}],"line":11},"2":{"loc":{"start":{"line":22,"column":2},"end":{"line":22,"column":null}},"type":"if","locations":[{"start":{"line":22,"column":2},"end":{"line":22,"column":null}},{"start":{},"end":{}}],"line":22},"3":{"loc":{"start":{"line":24,"column":2},"end":{"line":26,"column":null}},"type":"if","locations":[{"start":{"line":24,"column":2},"end":{"line":26,"column":null}},{"start":{},"end":{}}],"line":24},"4":{"loc":{"start":{"line":31,"column":2},"end":{"line":33,"column":null}},"type":"if","locations":[{"start":{"line":31,"column":2},"end":{"line":33,"column":null}},{"start":{},"end":{}}],"line":31},"5":{"loc":{"start":{"line":42,"column":2},"end":{"line":42,"column":null}},"type":"if","locations":[{"start":{"line":42,"column":2},"end":{"line":42,"column":null}},{"start":{},"end":{}}],"line":42},"6":{"loc":{"start":{"line":51,"column":4},"end":{"line":53,"column":null}},"type":"if","locations":[{"start":{"line":51,"column":4},"end":{"line":53,"column":null}},{"start":{},"end":{}}],"line":51},"7":{"loc":{"start":{"line":51,"column":8},"end":{"line":51,"column":46}},"type":"binary-expr","locations":[{"start":{"line":51,"column":8},"end":{"line":51,"column":20}},{"start":{"line":51,"column":24},"end":{"line":51,"column":46}}],"line":51},"8":{"loc":{"start":{"line":65,"column":2},"end":{"line":65,"column":24}},"type":"if","locations":[{"start":{"line":65,"column":2},"end":{"line":65,"column":24}},{"start":{},"end":{}}],"line":65},"9":{"loc":{"start":{"line":70,"column":4},"end":{"line":72,"column":null}},"type":"if","locations":[{"start":{"line":70,"column":4},"end":{"line":72,"column":null}},{"start":{},"end":{}}],"line":70},"10":{"loc":{"start":{"line":83,"column":2},"end":{"line":83,"column":null}},"type":"if","locations":[{"start":{"line":83,"column":2},"end":{"line":83,"column":null}},{"start":{},"end":{}}],"line":83},"11":{"loc":{"start":{"line":87,"column":2},"end":{"line":89,"column":null}},"type":"if","locations":[{"start":{"line":87,"column":2},"end":{"line":89,"column":null}},{"start":{},"end":{}}],"line":87},"12":{"loc":{"start":{"line":97,"column":39},"end":{"line":97,"column":64}},"type":"default-arg","locations":[{"start":{"line":97,"column":49},"end":{"line":97,"column":64}}],"line":97},"13":{"loc":{"start":{"line":98,"column":2},"end":{"line":98,"column":null}},"type":"if","locations":[{"start":{"line":98,"column":2},"end":{"line":98,"column":null}},{"start":{},"end":{}}],"line":98},"14":{"loc":{"start":{"line":100,"column":2},"end":{"line":102,"column":null}},"type":"if","locations":[{"start":{"line":100,"column":2},"end":{"line":102,"column":null}},{"start":{},"end":{}}],"line":100},"15":{"loc":{"start":{"line":111,"column":2},"end":{"line":111,"column":null}},"type":"if","locations":[{"start":{"line":111,"column":2},"end":{"line":111,"column":null}},{"start":{},"end":{}}],"line":111},"16":{"loc":{"start":{"line":114,"column":2},"end":{"line":116,"column":null}},"type":"if","locations":[{"start":{"line":114,"column":2},"end":{"line":116,"column":null}},{"start":{},"end":{}}],"line":114},"17":{"loc":{"start":{"line":124,"column":40},"end":{"line":124,"column":64}},"type":"default-arg","locations":[{"start":{"line":124,"column":52},"end":{"line":124,"column":64}}],"line":124},"18":{"loc":{"start":{"line":125,"column":2},"end":{"line":127,"column":null}},"type":"if","locations":[{"start":{"line":125,"column":2},"end":{"line":127,"column":null}},{"start":{},"end":{}}],"line":125},"19":{"loc":{"start":{"line":125,"column":6},"end":{"line":125,"column":66}},"type":"binary-expr","locations":[{"start":{"line":125,"column":6},"end":{"line":125,"column":12}},{"start":{"line":125,"column":17},"end":{"line":125,"column":42}},{"start":{"line":125,"column":46},"end":{"line":125,"column":65}}],"line":125},"20":{"loc":{"start":{"line":135,"column":2},"end":{"line":135,"column":25}},"type":"if","locations":[{"start":{"line":135,"column":2},"end":{"line":135,"column":25}},{"start":{},"end":{}}],"line":135},"21":{"loc":{"start":{"line":140,"column":2},"end":{"line":142,"column":null}},"type":"if","locations":[{"start":{"line":140,"column":2},"end":{"line":142,"column":null}},{"start":{},"end":{}}],"line":140},"22":{"loc":{"start":{"line":151,"column":2},"end":{"line":151,"column":null}},"type":"if","locations":[{"start":{"line":151,"column":2},"end":{"line":151,"column":null}},{"start":{},"end":{}}],"line":151},"23":{"loc":{"start":{"line":154,"column":2},"end":{"line":156,"column":null}},"type":"if","locations":[{"start":{"line":154,"column":2},"end":{"line":156,"column":null}},{"start":{},"end":{}}],"line":154},"24":{"loc":{"start":{"line":165,"column":2},"end":{"line":165,"column":null}},"type":"if","locations":[{"start":{"line":165,"column":2},"end":{"line":165,"column":null}},{"start":{},"end":{}}],"line":165},"25":{"loc":{"start":{"line":167,"column":2},"end":{"line":169,"column":null}},"type":"if","locations":[{"start":{"line":167,"column":2},"end":{"line":169,"column":null}},{"start":{},"end":{}}],"line":167}},"s":{"0":1,"1":3,"2":0,"3":3,"4":3,"5":1,"6":2,"7":1,"8":0,"9":0,"10":0,"11":0,"12":0,"13":0,"14":0,"15":0,"16":1,"17":0,"18":0,"19":0,"20":0,"21":0,"22":0,"23":0,"24":0,"25":0,"26":1,"27":0,"28":0,"29":0,"30":0,"31":0,"32":0,"33":0,"34":0,"35":1,"36":0,"37":0,"38":0,"39":0,"40":0,"41":0,"42":1,"43":0,"44":0,"45":0,"46":0,"47":0,"48":1,"49":0,"50":0,"51":0,"52":0,"53":0,"54":0,"55":1,"56":0,"57":0,"58":0,"59":1,"60":0,"61":0,"62":0,"63":0,"64":0,"65":0,"66":0,"67":1,"68":0,"69":0,"70":0,"71":0,"72":0,"73":0,"74":1,"75":0,"76":0,"77":0,"78":0,"79":0},"f":{"0":3,"1":0,"2":0,"3":0,"4":0,"5":0,"6":0,"7":0,"8":0,"9":0,"10":0},"b":{"0":[0,3],"1":[1,2],"2":[0,0],"3":[0,0],"4":[0,0],"5":[0,0],"6":[0,0],"7":[0,0],"8":[0,0],"9":[0,0],"10":[0,0],"11":[0,0],"12":[0],"13":[0,0],"14":[0,0],"15":[0,0],"16":[0,0],"17":[0],"18":[0,0],"19":[0,0,0],"20":[0,0],"21":[0,0],"22":[0,0],"23":[0,0],"24":[0,0],"25":[0,0]},"meta":{"lastBranch":26,"lastFunction":11,"lastStatement":80,"seen":{"s:7:29:16:1":0,"f:7:29:7:30":0,"b:8:2:8:Infinity:undefined:undefined:undefined:undefined":0,"s:8:2:8:Infinity":1,"s:8:14:8:Infinity":2,"s:10:21:10:49":3,"b:11:2:13:Infinity:undefined:undefined:undefined:undefined":1,"s:11:2:13:Infinity":4,"s:12:4:12:Infinity":5,"s:15:2:15:Infinity":6,"s:21:32:36:1":7,"f:21:32:21:33":1,"b:22:2:22:Infinity:undefined:undefined:undefined:undefined":2,"s:22:2:22:Infinity":8,"s:22:17:22:Infinity":9,"b:24:2:26:Infinity:undefined:undefined:undefined:undefined":3,"s:24:2:26:Infinity":10,"s:25:4:25:Infinity":11,"s:30:4:30:71":12,"b:31:2:33:Infinity:undefined:undefined:undefined:undefined":4,"s:31:2:33:Infinity":13,"s:32:4:32:Infinity":14,"s:35:2:35:Infinity":15,"s:41:30:59:1":16,"f:41:30:41:31":2,"b:42:2:42:Infinity:undefined:undefined:undefined:undefined":5,"s:42:2:42:Infinity":17,"s:42:15:42:Infinity":18,"s:44:2:58:Infinity":19,"s:46:26:46:54":20,"s:49:23:49:55":21,"b:51:4:53:Infinity:undefined:undefined:undefined:undefined":6,"s:51:4:53:Infinity":22,"b:51:8:51:20:51:24:51:46":7,"s:52:6:52:Infinity":23,"s:55:4:55:Infinity":24,"s:57:4:57:Infinity":25,"s:64:31:77:1":26,"f:64:31:64:32":3,"b:65:2:65:24:undefined:undefined:undefined:undefined":8,"s:65:2:65:24":27,"s:65:12:65:24":28,"s:67:2:76:Infinity":29,"s:69:6:69:70":30,"b:70:4:72:Infinity:undefined:undefined:undefined:undefined":9,"s:70:4:72:Infinity":31,"s:71:6:71:Infinity":32,"s:73:4:73:Infinity":33,"s:75:4:75:Infinity":34,"s:82:34:92:1":35,"f:82:34:82:35":4,"b:83:2:83:Infinity:undefined:undefined:undefined:undefined":10,"s:83:2:83:Infinity":36,"s:83:19:83:Infinity":37,"s:86:22:86:43":38,"b:87:2:89:Infinity:undefined:undefined:undefined:undefined":11,"s:87:2:89:Infinity":39,"s:88:4:88:Infinity":40,"s:91:2:91:Infinity":41,"s:97:32:105:1":42,"f:97:32:97:33":5,"b:97:49:97:64":12,"b:98:2:98:Infinity:undefined:undefined:undefined:undefined":13,"s:98:2:98:Infinity":43,"s:98:13:98:Infinity":44,"b:100:2:102:Infinity:undefined:undefined:undefined:undefined":14,"s:100:2:102:Infinity":45,"s:101:4:101:Infinity":46,"s:104:2:104:Infinity":47,"s:110:33:119:1":48,"f:110:33:110:34":6,"b:111:2:111:Infinity:undefined:undefined:undefined:undefined":15,"s:111:2:111:Infinity":49,"s:111:13:111:Infinity":50,"s:113:23:113:77":51,"b:114:2:116:Infinity:undefined:undefined:undefined:undefined":16,"s:114:2:116:Infinity":52,"s:115:4:115:Infinity":53,"s:118:2:118:Infinity":54,"s:124:32:129:1":55,"f:124:32:124:33":7,"b:124:52:124:64":17,"b:125:2:127:Infinity:undefined:undefined:undefined:undefined":18,"s:125:2:127:Infinity":56,"b:125:6:125:12:125:17:125:42:125:46:125:65":19,"s:126:4:126:Infinity":57,"s:128:2:128:Infinity":58,"s:134:32:145:1":59,"f:134:32:134:33":8,"b:135:2:135:25:undefined:undefined:undefined:undefined":20,"s:135:2:135:25":60,"s:135:13:135:25":61,"s:137:23:137:37":62,"s:138:16:138:26":63,"b:140:2:142:Infinity:undefined:undefined:undefined:undefined":21,"s:140:2:142:Infinity":64,"s:141:4:141:Infinity":65,"s:144:2:144:Infinity":66,"s:150:27:159:1":67,"f:150:27:150:28":9,"b:151:2:151:Infinity:undefined:undefined:undefined:undefined":22,"s:151:2:151:Infinity":68,"s:151:12:151:Infinity":69,"s:153:19:153:28":70,"b:154:2:156:Infinity:undefined:undefined:undefined:undefined":23,"s:154:2:156:Infinity":71,"s:155:4:155:Infinity":72,"s:158:2:158:Infinity":73,"s:164:39:172:1":74,"f:164:39:164:40":10,"b:165:2:165:Infinity:undefined:undefined:undefined:undefined":24,"s:165:2:165:Infinity":75,"s:165:24:165:Infinity":76,"b:167:2:169:Infinity:undefined:undefined:undefined:undefined":25,"s:167:2:169:Infinity":77,"s:168:4:168:Infinity":78,"s:171:2:171:Infinity":79}}}
}
